Analysis & Synthesis report for Akram_12_20_2021_Simplified_CPU
Mon Dec 20 01:25:00 2021
Quartus Prime Version 16.0.0 Build 211 04/27/2016 SJ Lite Edition


---------------------
; Table of Contents ;
---------------------
  1. Legal Notice
  2. Analysis & Synthesis Summary
  3. Analysis & Synthesis Settings
  4. Parallel Compilation
  5. Analysis & Synthesis Source Files Read
  6. Analysis & Synthesis Resource Usage Summary
  7. Analysis & Synthesis Resource Utilization by Entity
  8. Registers Removed During Synthesis
  9. General Register Statistics
 10. Inverted Register Statistics
 11. Multiplexer Restructuring Statistics (Restructuring Performed)
 12. Port Connectivity Checks: "Akram_12_20_2021_Data_Memory:Data_Memory"
 13. Port Connectivity Checks: "Akram_12_20_2021_Control_Unit:Control"
 14. Post-Synthesis Netlist Statistics for Top Partition
 15. Elapsed Time Per Partition
 16. Analysis & Synthesis Messages



----------------
; Legal Notice ;
----------------
Copyright (C) 1991-2016 Altera Corporation. All rights reserved.
Your use of Altera Corporation's design tools, logic functions 
and other software and tools, and its AMPP partner logic 
functions, and any output files from any of the foregoing 
(including device programming or simulation files), and any 
associated documentation or information are expressly subject 
to the terms and conditions of the Altera Program License 
Subscription Agreement, the Altera Quartus Prime License Agreement,
the Altera MegaCore Function License Agreement, or other 
applicable license agreement, including, without limitation, 
that your use is for the sole purpose of programming logic 
devices manufactured by Altera and sold by Altera or its 
authorized distributors.  Please refer to the applicable 
agreement for further details.



+-------------------------------------------------------------------------------+
; Analysis & Synthesis Summary                                                  ;
+---------------------------------+---------------------------------------------+
; Analysis & Synthesis Status     ; Successful - Mon Dec 20 01:25:00 2021       ;
; Quartus Prime Version           ; 16.0.0 Build 211 04/27/2016 SJ Lite Edition ;
; Revision Name                   ; Akram_12_20_2021_Simplified_CPU             ;
; Top-level Entity Name           ; Akram_12_20_2021_Simplified_CPU             ;
; Family                          ; Cyclone V                                   ;
; Logic utilization (in ALMs)     ; N/A                                         ;
; Total registers                 ; 96                                          ;
; Total pins                      ; 66                                          ;
; Total virtual pins              ; 0                                           ;
; Total block memory bits         ; 0                                           ;
; Total DSP Blocks                ; 0                                           ;
; Total HSSI RX PCSs              ; 0                                           ;
; Total HSSI PMA RX Deserializers ; 0                                           ;
; Total HSSI TX PCSs              ; 0                                           ;
; Total HSSI PMA TX Serializers   ; 0                                           ;
; Total PLLs                      ; 0                                           ;
; Total DLLs                      ; 0                                           ;
+---------------------------------+---------------------------------------------+


+-----------------------------------------------------------------------------------------------------------------------------------------------------+
; Analysis & Synthesis Settings                                                                                                                       ;
+---------------------------------------------------------------------------------+---------------------------------+---------------------------------+
; Option                                                                          ; Setting                         ; Default Value                   ;
+---------------------------------------------------------------------------------+---------------------------------+---------------------------------+
; Device                                                                          ; 5CSEMA5F31C6                    ;                                 ;
; Top-level entity name                                                           ; Akram_12_20_2021_Simplified_CPU ; Akram_12_20_2021_Simplified_CPU ;
; Family name                                                                     ; Cyclone V                       ; Cyclone V                       ;
; Use smart compilation                                                           ; Off                             ; Off                             ;
; Enable parallel Assembler and TimeQuest Timing Analyzer during compilation      ; On                              ; On                              ;
; Enable compact report table                                                     ; Off                             ; Off                             ;
; Restructure Multiplexers                                                        ; Auto                            ; Auto                            ;
; MLAB Add Timing Constraints For Mixed-Port Feed-Through Mode Setting Don't Care ; Off                             ; Off                             ;
; Create Debugging Nodes for IP Cores                                             ; Off                             ; Off                             ;
; Preserve fewer node names                                                       ; On                              ; On                              ;
; Disable OpenCore Plus hardware evaluation                                       ; Off                             ; Off                             ;
; Verilog Version                                                                 ; Verilog_2001                    ; Verilog_2001                    ;
; VHDL Version                                                                    ; VHDL_1993                       ; VHDL_1993                       ;
; State Machine Processing                                                        ; Auto                            ; Auto                            ;
; Safe State Machine                                                              ; Off                             ; Off                             ;
; Extract Verilog State Machines                                                  ; On                              ; On                              ;
; Extract VHDL State Machines                                                     ; On                              ; On                              ;
; Ignore Verilog initial constructs                                               ; Off                             ; Off                             ;
; Iteration limit for constant Verilog loops                                      ; 5000                            ; 5000                            ;
; Iteration limit for non-constant Verilog loops                                  ; 250                             ; 250                             ;
; Add Pass-Through Logic to Inferred RAMs                                         ; On                              ; On                              ;
; Infer RAMs from Raw Logic                                                       ; On                              ; On                              ;
; Parallel Synthesis                                                              ; On                              ; On                              ;
; DSP Block Balancing                                                             ; Auto                            ; Auto                            ;
; NOT Gate Push-Back                                                              ; On                              ; On                              ;
; Power-Up Don't Care                                                             ; On                              ; On                              ;
; Remove Redundant Logic Cells                                                    ; Off                             ; Off                             ;
; Remove Duplicate Registers                                                      ; On                              ; On                              ;
; Ignore CARRY Buffers                                                            ; Off                             ; Off                             ;
; Ignore CASCADE Buffers                                                          ; Off                             ; Off                             ;
; Ignore GLOBAL Buffers                                                           ; Off                             ; Off                             ;
; Ignore ROW GLOBAL Buffers                                                       ; Off                             ; Off                             ;
; Ignore LCELL Buffers                                                            ; Off                             ; Off                             ;
; Ignore SOFT Buffers                                                             ; On                              ; On                              ;
; Limit AHDL Integers to 32 Bits                                                  ; Off                             ; Off                             ;
; Optimization Technique                                                          ; Balanced                        ; Balanced                        ;
; Carry Chain Length                                                              ; 70                              ; 70                              ;
; Auto Carry Chains                                                               ; On                              ; On                              ;
; Auto Open-Drain Pins                                                            ; On                              ; On                              ;
; Perform WYSIWYG Primitive Resynthesis                                           ; Off                             ; Off                             ;
; Auto ROM Replacement                                                            ; On                              ; On                              ;
; Auto RAM Replacement                                                            ; On                              ; On                              ;
; Auto DSP Block Replacement                                                      ; On                              ; On                              ;
; Auto Shift Register Replacement                                                 ; Auto                            ; Auto                            ;
; Allow Shift Register Merging across Hierarchies                                 ; Auto                            ; Auto                            ;
; Auto Clock Enable Replacement                                                   ; On                              ; On                              ;
; Strict RAM Replacement                                                          ; Off                             ; Off                             ;
; Allow Synchronous Control Signals                                               ; On                              ; On                              ;
; Force Use of Synchronous Clear Signals                                          ; Off                             ; Off                             ;
; Auto Resource Sharing                                                           ; Off                             ; Off                             ;
; Allow Any RAM Size For Recognition                                              ; Off                             ; Off                             ;
; Allow Any ROM Size For Recognition                                              ; Off                             ; Off                             ;
; Allow Any Shift Register Size For Recognition                                   ; Off                             ; Off                             ;
; Use LogicLock Constraints during Resource Balancing                             ; On                              ; On                              ;
; Ignore translate_off and synthesis_off directives                               ; Off                             ; Off                             ;
; Timing-Driven Synthesis                                                         ; On                              ; On                              ;
; Report Parameter Settings                                                       ; On                              ; On                              ;
; Report Source Assignments                                                       ; On                              ; On                              ;
; Report Connectivity Checks                                                      ; On                              ; On                              ;
; Ignore Maximum Fan-Out Assignments                                              ; Off                             ; Off                             ;
; Synchronization Register Chain Length                                           ; 3                               ; 3                               ;
; PowerPlay Power Optimization During Synthesis                                   ; Normal compilation              ; Normal compilation              ;
; HDL message level                                                               ; Level2                          ; Level2                          ;
; Suppress Register Optimization Related Messages                                 ; Off                             ; Off                             ;
; Number of Removed Registers Reported in Synthesis Report                        ; 5000                            ; 5000                            ;
; Number of Swept Nodes Reported in Synthesis Report                              ; 5000                            ; 5000                            ;
; Number of Inverted Registers Reported in Synthesis Report                       ; 100                             ; 100                             ;
; Clock MUX Protection                                                            ; On                              ; On                              ;
; Auto Gated Clock Conversion                                                     ; Off                             ; Off                             ;
; Block Design Naming                                                             ; Auto                            ; Auto                            ;
; SDC constraint protection                                                       ; Off                             ; Off                             ;
; Synthesis Effort                                                                ; Auto                            ; Auto                            ;
; Shift Register Replacement - Allow Asynchronous Clear Signal                    ; On                              ; On                              ;
; Pre-Mapping Resynthesis Optimization                                            ; Off                             ; Off                             ;
; Analysis & Synthesis Message Level                                              ; Medium                          ; Medium                          ;
; Disable Register Merging Across Hierarchies                                     ; Auto                            ; Auto                            ;
; Resource Aware Inference For Block RAM                                          ; On                              ; On                              ;
; Synthesis Seed                                                                  ; 1                               ; 1                               ;
; Automatic Parallel Synthesis                                                    ; On                              ; On                              ;
; Partial Reconfiguration Bitstream ID                                            ; Off                             ; Off                             ;
+---------------------------------------------------------------------------------+---------------------------------+---------------------------------+


Parallel compilation was disabled, but you have multiple processors available. Enable parallel compilation to reduce compilation time.
+-------------------------------------+
; Parallel Compilation                ;
+----------------------------+--------+
; Processors                 ; Number ;
+----------------------------+--------+
; Number detected on machine ; 16     ;
; Maximum allowed            ; 1      ;
+----------------------------+--------+


+--------------------------------------------------------------------------------------------------------------------------------------------------------------------------------------------------------+
; Analysis & Synthesis Source Files Read                                                                                                                                                                 ;
+----------------------------------------+-----------------+-----------------+-----------------------------------------------------------------------------------------------------------------+---------+
; File Name with User-Entered Path       ; Used in Netlist ; File Type       ; File Name with Absolute Path                                                                                    ; Library ;
+----------------------------------------+-----------------+-----------------+-----------------------------------------------------------------------------------------------------------------+---------+
; Akram_12_20_2021_Simplified_CPU.vhd    ; yes             ; User VHDL File  ; C:/Users/Izzy/OneDrive/College/CSC342_3 Computer Organization/Labs/Lab 8/Akram_12_20_2021_Simplified_CPU.vhd    ;         ;
; Akram_12_20_2021_Data_Memory.vhd       ; yes             ; User VHDL File  ; C:/Users/Izzy/OneDrive/College/CSC342_3 Computer Organization/Labs/Lab 8/Akram_12_20_2021_Data_Memory.vhd       ;         ;
; Akram_12_20_2021_ALU.vhd               ; yes             ; User VHDL File  ; C:/Users/Izzy/OneDrive/College/CSC342_3 Computer Organization/Labs/Lab 8/Akram_12_20_2021_ALU.vhd               ;         ;
; Akram_12_20_2021_ALU_Control_Adder.vhd ; yes             ; User VHDL File  ; C:/Users/Izzy/OneDrive/College/CSC342_3 Computer Organization/Labs/Lab 8/Akram_12_20_2021_ALU_Control_Adder.vhd ;         ;
; Akram_12_20_2021_Control_Unit.vhd      ; yes             ; User VHDL File  ; C:/Users/Izzy/OneDrive/College/CSC342_3 Computer Organization/Labs/Lab 8/Akram_12_20_2021_Control_Unit.vhd      ;         ;
; Akram_12_20_2021_IR.vhd                ; yes             ; User VHDL File  ; C:/Users/Izzy/OneDrive/College/CSC342_3 Computer Organization/Labs/Lab 8/Akram_12_20_2021_IR.vhd                ;         ;
; Akram_12_20_2021_Register_File.vhd     ; yes             ; User VHDL File  ; C:/Users/Izzy/OneDrive/College/CSC342_3 Computer Organization/Labs/Lab 8/Akram_12_20_2021_Register_File.vhd     ;         ;
+----------------------------------------+-----------------+-----------------+-----------------------------------------------------------------------------------------------------------------+---------+


+-----------------------------------------------------------------+
; Analysis & Synthesis Resource Usage Summary                     ;
+---------------------------------------------+-------------------+
; Resource                                    ; Usage             ;
+---------------------------------------------+-------------------+
; Estimate of Logic utilization (ALMs needed) ; 202               ;
;                                             ;                   ;
; Combinational ALUT usage for logic          ; 349               ;
;     -- 7 input functions                    ; 0                 ;
;     -- 6 input functions                    ; 51                ;
;     -- 5 input functions                    ; 69                ;
;     -- 4 input functions                    ; 65                ;
;     -- <=3 input functions                  ; 164               ;
;                                             ;                   ;
; Dedicated logic registers                   ; 96                ;
;                                             ;                   ;
; I/O pins                                    ; 66                ;
;                                             ;                   ;
; Total DSP Blocks                            ; 0                 ;
;                                             ;                   ;
; Maximum fan-out node                        ; Akram_reset~input ;
; Maximum fan-out                             ; 134               ;
; Total fan-out                               ; 1856              ;
; Average fan-out                             ; 3.22              ;
+---------------------------------------------+-------------------+


+------------------------------------------------------------------------------------------------------------------------------------------------------------------------------------------------------------------------------------------------------------------------------+
; Analysis & Synthesis Resource Utilization by Entity                                                                                                                                                                                                                          ;
+---------------------------------------------------+-------------------+--------------+-------------------+------------+------+--------------+-------------------------------------------------------------------------------+---------------------------------+--------------+
; Compilation Hierarchy Node                        ; LC Combinationals ; LC Registers ; Block Memory Bits ; DSP Blocks ; Pins ; Virtual Pins ; Full Hierarchy Name                                                           ; Entity Name                     ; Library Name ;
+---------------------------------------------------+-------------------+--------------+-------------------+------------+------+--------------+-------------------------------------------------------------------------------+---------------------------------+--------------+
; |Akram_12_20_2021_Simplified_CPU                  ; 349 (33)          ; 96 (32)      ; 0                 ; 0          ; 66   ; 0            ; |Akram_12_20_2021_Simplified_CPU                                              ; Akram_12_20_2021_Simplified_CPU ; work         ;
;    |Akram_12_20_2021_ALU:ALU|                     ; 112 (112)         ; 0 (0)        ; 0                 ; 0          ; 0    ; 0            ; |Akram_12_20_2021_Simplified_CPU|Akram_12_20_2021_ALU:ALU                     ; Akram_12_20_2021_ALU            ; work         ;
;    |Akram_12_20_2021_Control_Unit:Control|        ; 1 (1)             ; 0 (0)        ; 0                 ; 0          ; 0    ; 0            ; |Akram_12_20_2021_Simplified_CPU|Akram_12_20_2021_Control_Unit:Control        ; Akram_12_20_2021_Control_Unit   ; work         ;
;    |Akram_12_20_2021_IR:Instruction_Memory|       ; 19 (19)           ; 0 (0)        ; 0                 ; 0          ; 0    ; 0            ; |Akram_12_20_2021_Simplified_CPU|Akram_12_20_2021_IR:Instruction_Memory       ; Akram_12_20_2021_IR             ; work         ;
;    |Akram_12_20_2021_Register_File:Register_File| ; 184 (184)         ; 64 (64)      ; 0                 ; 0          ; 0    ; 0            ; |Akram_12_20_2021_Simplified_CPU|Akram_12_20_2021_Register_File:Register_File ; Akram_12_20_2021_Register_File  ; work         ;
+---------------------------------------------------+-------------------+--------------+-------------------+------------+------+--------------+-------------------------------------------------------------------------------+---------------------------------+--------------+
Note: For table entries with two numbers listed, the numbers in parentheses indicate the number of resources of the given type used by the specific entity alone. The numbers listed outside of parentheses indicate the total resources of the given type used by the specific entity and all of its sub-entities in the hierarchy.


+-------------------------------------------------------------------------------------------------------------+
; Registers Removed During Synthesis                                                                          ;
+---------------------------------------------------------------+---------------------------------------------+
; Register name                                                 ; Reason for Removal                          ;
+---------------------------------------------------------------+---------------------------------------------+
; Akram_12_20_2021_Register_File:Register_File|reg_array[7][7]  ; Lost fanout                                 ;
; Akram_12_20_2021_Register_File:Register_File|reg_array[7][6]  ; Lost fanout                                 ;
; Akram_12_20_2021_Register_File:Register_File|reg_array[7][5]  ; Lost fanout                                 ;
; Akram_12_20_2021_Register_File:Register_File|reg_array[7][14] ; Lost fanout                                 ;
; Akram_12_20_2021_Register_File:Register_File|reg_array[7][13] ; Lost fanout                                 ;
; Akram_12_20_2021_Register_File:Register_File|reg_array[7][12] ; Lost fanout                                 ;
; Akram_12_20_2021_Register_File:Register_File|reg_array[7][11] ; Lost fanout                                 ;
; Akram_12_20_2021_Register_File:Register_File|reg_array[7][10] ; Lost fanout                                 ;
; Akram_12_20_2021_Register_File:Register_File|reg_array[7][8]  ; Lost fanout                                 ;
; Akram_12_20_2021_Register_File:Register_File|reg_array[7][21] ; Lost fanout                                 ;
; Akram_12_20_2021_Register_File:Register_File|reg_array[7][20] ; Lost fanout                                 ;
; Akram_12_20_2021_Register_File:Register_File|reg_array[7][0]  ; Lost fanout                                 ;
; Akram_12_20_2021_Register_File:Register_File|reg_array[7][19] ; Lost fanout                                 ;
; Akram_12_20_2021_Register_File:Register_File|reg_array[6][4]  ; Stuck at GND due to stuck port clock        ;
; Akram_12_20_2021_Register_File:Register_File|reg_array[7][4]  ; Stuck at GND due to stuck port clock        ;
; Akram_12_20_2021_Register_File:Register_File|reg_array[4][4]  ; Stuck at GND due to stuck port clock        ;
; Akram_12_20_2021_Register_File:Register_File|reg_array[5][4]  ; Stuck at GND due to stuck port clock        ;
; Akram_12_20_2021_Register_File:Register_File|reg_array[6][7]  ; Stuck at GND due to stuck port clock        ;
; Akram_12_20_2021_Register_File:Register_File|reg_array[4][7]  ; Stuck at GND due to stuck port clock        ;
; Akram_12_20_2021_Register_File:Register_File|reg_array[5][7]  ; Stuck at GND due to stuck port clock        ;
; Akram_12_20_2021_Register_File:Register_File|reg_array[6][6]  ; Stuck at GND due to stuck port clock        ;
; Akram_12_20_2021_Register_File:Register_File|reg_array[4][6]  ; Stuck at GND due to stuck port clock        ;
; Akram_12_20_2021_Register_File:Register_File|reg_array[5][6]  ; Stuck at GND due to stuck port clock        ;
; Akram_12_20_2021_Register_File:Register_File|reg_array[6][5]  ; Stuck at GND due to stuck port clock        ;
; Akram_12_20_2021_Register_File:Register_File|reg_array[4][5]  ; Stuck at GND due to stuck port clock        ;
; Akram_12_20_2021_Register_File:Register_File|reg_array[5][5]  ; Stuck at GND due to stuck port clock        ;
; Akram_12_20_2021_Register_File:Register_File|reg_array[4][0]  ; Stuck at GND due to stuck port clock_enable ;
; Akram_12_20_2021_Register_File:Register_File|reg_array[5][0]  ; Stuck at GND due to stuck port clock_enable ;
; Akram_12_20_2021_Register_File:Register_File|reg_array[6][0]  ; Stuck at GND due to stuck port clock_enable ;
; Akram_12_20_2021_Register_File:Register_File|reg_array[6][1]  ; Stuck at GND due to stuck port clock_enable ;
; Akram_12_20_2021_Register_File:Register_File|reg_array[7][1]  ; Stuck at GND due to stuck port clock        ;
; Akram_12_20_2021_Register_File:Register_File|reg_array[5][1]  ; Stuck at GND due to stuck port clock        ;
; Akram_12_20_2021_Register_File:Register_File|reg_array[4][1]  ; Stuck at GND due to stuck port clock_enable ;
; Akram_12_20_2021_Register_File:Register_File|reg_array[6][3]  ; Stuck at GND due to stuck port clock_enable ;
; Akram_12_20_2021_Register_File:Register_File|reg_array[7][3]  ; Stuck at GND due to stuck port clock        ;
; Akram_12_20_2021_Register_File:Register_File|reg_array[5][3]  ; Stuck at GND due to stuck port clock        ;
; Akram_12_20_2021_Register_File:Register_File|reg_array[4][3]  ; Stuck at GND due to stuck port clock        ;
; Akram_12_20_2021_Register_File:Register_File|reg_array[6][2]  ; Stuck at GND due to stuck port clock        ;
; Akram_12_20_2021_Register_File:Register_File|reg_array[7][2]  ; Stuck at GND due to stuck port clock_enable ;
; Akram_12_20_2021_Register_File:Register_File|reg_array[5][2]  ; Stuck at GND due to stuck port clock_enable ;
; Akram_12_20_2021_Register_File:Register_File|reg_array[4][2]  ; Stuck at GND due to stuck port clock_enable ;
; Akram_12_20_2021_Register_File:Register_File|reg_array[6][14] ; Stuck at GND due to stuck port clock        ;
; Akram_12_20_2021_Register_File:Register_File|reg_array[4][14] ; Stuck at GND due to stuck port clock        ;
; Akram_12_20_2021_Register_File:Register_File|reg_array[5][14] ; Stuck at GND due to stuck port clock        ;
; Akram_12_20_2021_Register_File:Register_File|reg_array[6][13] ; Stuck at GND due to stuck port clock        ;
; Akram_12_20_2021_Register_File:Register_File|reg_array[4][13] ; Stuck at GND due to stuck port clock        ;
; Akram_12_20_2021_Register_File:Register_File|reg_array[5][13] ; Stuck at GND due to stuck port clock        ;
; Akram_12_20_2021_Register_File:Register_File|reg_array[6][12] ; Stuck at GND due to stuck port clock        ;
; Akram_12_20_2021_Register_File:Register_File|reg_array[4][12] ; Stuck at GND due to stuck port clock        ;
; Akram_12_20_2021_Register_File:Register_File|reg_array[5][12] ; Stuck at GND due to stuck port clock        ;
; Akram_12_20_2021_Register_File:Register_File|reg_array[6][11] ; Stuck at GND due to stuck port clock        ;
; Akram_12_20_2021_Register_File:Register_File|reg_array[4][11] ; Stuck at GND due to stuck port clock        ;
; Akram_12_20_2021_Register_File:Register_File|reg_array[5][11] ; Stuck at GND due to stuck port clock        ;
; Akram_12_20_2021_Register_File:Register_File|reg_array[6][9]  ; Stuck at GND due to stuck port clock        ;
; Akram_12_20_2021_Register_File:Register_File|reg_array[7][9]  ; Stuck at GND due to stuck port clock        ;
; Akram_12_20_2021_Register_File:Register_File|reg_array[4][9]  ; Stuck at GND due to stuck port clock        ;
; Akram_12_20_2021_Register_File:Register_File|reg_array[5][9]  ; Stuck at GND due to stuck port clock        ;
; Akram_12_20_2021_Register_File:Register_File|reg_array[6][10] ; Stuck at GND due to stuck port clock        ;
; Akram_12_20_2021_Register_File:Register_File|reg_array[4][10] ; Stuck at GND due to stuck port clock        ;
; Akram_12_20_2021_Register_File:Register_File|reg_array[5][10] ; Stuck at GND due to stuck port clock        ;
; Akram_12_20_2021_Register_File:Register_File|reg_array[6][8]  ; Stuck at GND due to stuck port clock        ;
; Akram_12_20_2021_Register_File:Register_File|reg_array[4][8]  ; Stuck at GND due to stuck port clock        ;
; Akram_12_20_2021_Register_File:Register_File|reg_array[5][8]  ; Stuck at GND due to stuck port clock        ;
; Akram_12_20_2021_Register_File:Register_File|reg_array[6][21] ; Stuck at GND due to stuck port clock        ;
; Akram_12_20_2021_Register_File:Register_File|reg_array[4][21] ; Stuck at GND due to stuck port clock        ;
; Akram_12_20_2021_Register_File:Register_File|reg_array[5][21] ; Stuck at GND due to stuck port clock        ;
; Akram_12_20_2021_Register_File:Register_File|reg_array[6][20] ; Stuck at GND due to stuck port clock        ;
; Akram_12_20_2021_Register_File:Register_File|reg_array[4][20] ; Stuck at GND due to stuck port clock        ;
; Akram_12_20_2021_Register_File:Register_File|reg_array[5][20] ; Stuck at GND due to stuck port clock        ;
; Akram_12_20_2021_Register_File:Register_File|reg_array[6][19] ; Stuck at GND due to stuck port clock        ;
; Akram_12_20_2021_Register_File:Register_File|reg_array[4][19] ; Stuck at GND due to stuck port clock        ;
; Akram_12_20_2021_Register_File:Register_File|reg_array[5][19] ; Stuck at GND due to stuck port clock        ;
; Akram_12_20_2021_Register_File:Register_File|reg_array[6][18] ; Stuck at GND due to stuck port clock        ;
; Akram_12_20_2021_Register_File:Register_File|reg_array[7][18] ; Stuck at GND due to stuck port clock        ;
; Akram_12_20_2021_Register_File:Register_File|reg_array[4][18] ; Stuck at GND due to stuck port clock        ;
; Akram_12_20_2021_Register_File:Register_File|reg_array[5][18] ; Stuck at GND due to stuck port clock        ;
; Akram_12_20_2021_Register_File:Register_File|reg_array[6][16] ; Stuck at GND due to stuck port clock        ;
; Akram_12_20_2021_Register_File:Register_File|reg_array[7][16] ; Stuck at GND due to stuck port clock        ;
; Akram_12_20_2021_Register_File:Register_File|reg_array[4][16] ; Stuck at GND due to stuck port clock        ;
; Akram_12_20_2021_Register_File:Register_File|reg_array[5][16] ; Stuck at GND due to stuck port clock        ;
; Akram_12_20_2021_Register_File:Register_File|reg_array[6][17] ; Stuck at GND due to stuck port clock        ;
; Akram_12_20_2021_Register_File:Register_File|reg_array[7][17] ; Stuck at GND due to stuck port clock        ;
; Akram_12_20_2021_Register_File:Register_File|reg_array[4][17] ; Stuck at GND due to stuck port clock        ;
; Akram_12_20_2021_Register_File:Register_File|reg_array[5][17] ; Stuck at GND due to stuck port clock        ;
; Akram_12_20_2021_Register_File:Register_File|reg_array[6][15] ; Stuck at GND due to stuck port clock        ;
; Akram_12_20_2021_Register_File:Register_File|reg_array[7][15] ; Stuck at GND due to stuck port clock        ;
; Akram_12_20_2021_Register_File:Register_File|reg_array[4][15] ; Stuck at GND due to stuck port clock        ;
; Akram_12_20_2021_Register_File:Register_File|reg_array[5][15] ; Stuck at GND due to stuck port clock        ;
; Akram_12_20_2021_Register_File:Register_File|reg_array[4][28] ; Stuck at GND due to stuck port clock        ;
; Akram_12_20_2021_Register_File:Register_File|reg_array[5][28] ; Stuck at GND due to stuck port clock        ;
; Akram_12_20_2021_Register_File:Register_File|reg_array[7][28] ; Stuck at GND due to stuck port clock        ;
; Akram_12_20_2021_Register_File:Register_File|reg_array[6][28] ; Stuck at GND due to stuck port clock        ;
; Akram_12_20_2021_Register_File:Register_File|reg_array[4][27] ; Stuck at GND due to stuck port clock        ;
; Akram_12_20_2021_Register_File:Register_File|reg_array[5][27] ; Stuck at GND due to stuck port clock        ;
; Akram_12_20_2021_Register_File:Register_File|reg_array[7][27] ; Stuck at GND due to stuck port clock        ;
; Akram_12_20_2021_Register_File:Register_File|reg_array[6][27] ; Stuck at GND due to stuck port clock        ;
; Akram_12_20_2021_Register_File:Register_File|reg_array[4][26] ; Stuck at GND due to stuck port clock        ;
; Akram_12_20_2021_Register_File:Register_File|reg_array[5][26] ; Stuck at GND due to stuck port clock        ;
; Akram_12_20_2021_Register_File:Register_File|reg_array[7][26] ; Stuck at GND due to stuck port clock        ;
; Akram_12_20_2021_Register_File:Register_File|reg_array[6][26] ; Stuck at GND due to stuck port clock        ;
; Akram_12_20_2021_Register_File:Register_File|reg_array[6][24] ; Stuck at GND due to stuck port clock        ;
; Akram_12_20_2021_Register_File:Register_File|reg_array[4][24] ; Stuck at GND due to stuck port clock        ;
; Akram_12_20_2021_Register_File:Register_File|reg_array[5][24] ; Stuck at GND due to stuck port clock        ;
; Akram_12_20_2021_Register_File:Register_File|reg_array[7][24] ; Stuck at GND due to stuck port clock        ;
; Akram_12_20_2021_Register_File:Register_File|reg_array[4][25] ; Stuck at GND due to stuck port clock        ;
; Akram_12_20_2021_Register_File:Register_File|reg_array[5][25] ; Stuck at GND due to stuck port clock        ;
; Akram_12_20_2021_Register_File:Register_File|reg_array[7][25] ; Stuck at GND due to stuck port clock        ;
; Akram_12_20_2021_Register_File:Register_File|reg_array[6][25] ; Stuck at GND due to stuck port clock        ;
; Akram_12_20_2021_Register_File:Register_File|reg_array[4][23] ; Stuck at GND due to stuck port clock        ;
; Akram_12_20_2021_Register_File:Register_File|reg_array[5][23] ; Stuck at GND due to stuck port clock        ;
; Akram_12_20_2021_Register_File:Register_File|reg_array[7][23] ; Stuck at GND due to stuck port clock        ;
; Akram_12_20_2021_Register_File:Register_File|reg_array[6][23] ; Stuck at GND due to stuck port clock        ;
; Akram_12_20_2021_Register_File:Register_File|reg_array[4][22] ; Stuck at GND due to stuck port clock        ;
; Akram_12_20_2021_Register_File:Register_File|reg_array[5][22] ; Stuck at GND due to stuck port clock        ;
; Akram_12_20_2021_Register_File:Register_File|reg_array[7][22] ; Stuck at GND due to stuck port clock        ;
; Akram_12_20_2021_Register_File:Register_File|reg_array[6][22] ; Stuck at GND due to stuck port clock        ;
; Akram_12_20_2021_Register_File:Register_File|reg_array[6][31] ; Stuck at GND due to stuck port clock        ;
; Akram_12_20_2021_Register_File:Register_File|reg_array[4][31] ; Stuck at GND due to stuck port clock        ;
; Akram_12_20_2021_Register_File:Register_File|reg_array[5][31] ; Stuck at GND due to stuck port clock        ;
; Akram_12_20_2021_Register_File:Register_File|reg_array[7][31] ; Stuck at GND due to stuck port clock        ;
; Akram_12_20_2021_Register_File:Register_File|reg_array[6][30] ; Stuck at GND due to stuck port clock        ;
; Akram_12_20_2021_Register_File:Register_File|reg_array[4][30] ; Stuck at GND due to stuck port clock        ;
; Akram_12_20_2021_Register_File:Register_File|reg_array[5][30] ; Stuck at GND due to stuck port clock        ;
; Akram_12_20_2021_Register_File:Register_File|reg_array[7][30] ; Stuck at GND due to stuck port clock        ;
; Akram_12_20_2021_Register_File:Register_File|reg_array[6][29] ; Stuck at GND due to stuck port clock        ;
; Akram_12_20_2021_Register_File:Register_File|reg_array[4][29] ; Stuck at GND due to stuck port clock        ;
; Akram_12_20_2021_Register_File:Register_File|reg_array[5][29] ; Stuck at GND due to stuck port clock        ;
; Akram_12_20_2021_Register_File:Register_File|reg_array[7][29] ; Stuck at GND due to stuck port clock        ;
; Akram_12_20_2021_Register_File:Register_File|reg_array[2][4]  ; Stuck at GND due to stuck port clock        ;
; Akram_12_20_2021_Register_File:Register_File|reg_array[1][4]  ; Stuck at GND due to stuck port clock        ;
; Akram_12_20_2021_Register_File:Register_File|reg_array[2][7]  ; Stuck at GND due to stuck port clock        ;
; Akram_12_20_2021_Register_File:Register_File|reg_array[1][7]  ; Stuck at GND due to stuck port clock        ;
; Akram_12_20_2021_Register_File:Register_File|reg_array[2][6]  ; Stuck at GND due to stuck port clock        ;
; Akram_12_20_2021_Register_File:Register_File|reg_array[1][6]  ; Stuck at GND due to stuck port clock        ;
; Akram_12_20_2021_Register_File:Register_File|reg_array[2][5]  ; Stuck at GND due to stuck port clock        ;
; Akram_12_20_2021_Register_File:Register_File|reg_array[1][5]  ; Stuck at GND due to stuck port clock        ;
; Akram_12_20_2021_Register_File:Register_File|reg_array[1][0]  ; Stuck at GND due to stuck port clock_enable ;
; Akram_12_20_2021_Register_File:Register_File|reg_array[2][0]  ; Stuck at GND due to stuck port clock_enable ;
; Akram_12_20_2021_Register_File:Register_File|reg_array[2][1]  ; Stuck at GND due to stuck port clock_enable ;
; Akram_12_20_2021_Register_File:Register_File|reg_array[1][1]  ; Stuck at GND due to stuck port clock_enable ;
; Akram_12_20_2021_Register_File:Register_File|reg_array[2][3]  ; Stuck at GND due to stuck port clock        ;
; Akram_12_20_2021_Register_File:Register_File|reg_array[1][3]  ; Stuck at GND due to stuck port clock        ;
; Akram_12_20_2021_Register_File:Register_File|reg_array[2][2]  ; Stuck at GND due to stuck port clock        ;
; Akram_12_20_2021_Register_File:Register_File|reg_array[1][2]  ; Stuck at GND due to stuck port clock        ;
; Akram_12_20_2021_Register_File:Register_File|reg_array[2][14] ; Stuck at GND due to stuck port clock        ;
; Akram_12_20_2021_Register_File:Register_File|reg_array[1][14] ; Stuck at GND due to stuck port clock        ;
; Akram_12_20_2021_Register_File:Register_File|reg_array[2][13] ; Stuck at GND due to stuck port clock        ;
; Akram_12_20_2021_Register_File:Register_File|reg_array[1][13] ; Stuck at GND due to stuck port clock        ;
; Akram_12_20_2021_Register_File:Register_File|reg_array[2][12] ; Stuck at GND due to stuck port clock        ;
; Akram_12_20_2021_Register_File:Register_File|reg_array[1][12] ; Stuck at GND due to stuck port clock        ;
; Akram_12_20_2021_Register_File:Register_File|reg_array[2][11] ; Stuck at GND due to stuck port clock        ;
; Akram_12_20_2021_Register_File:Register_File|reg_array[1][11] ; Stuck at GND due to stuck port clock        ;
; Akram_12_20_2021_Register_File:Register_File|reg_array[2][9]  ; Stuck at GND due to stuck port clock        ;
; Akram_12_20_2021_Register_File:Register_File|reg_array[1][9]  ; Stuck at GND due to stuck port clock        ;
; Akram_12_20_2021_Register_File:Register_File|reg_array[2][10] ; Stuck at GND due to stuck port clock        ;
; Akram_12_20_2021_Register_File:Register_File|reg_array[1][10] ; Stuck at GND due to stuck port clock        ;
; Akram_12_20_2021_Register_File:Register_File|reg_array[2][8]  ; Stuck at GND due to stuck port clock        ;
; Akram_12_20_2021_Register_File:Register_File|reg_array[1][8]  ; Stuck at GND due to stuck port clock        ;
; Akram_12_20_2021_Register_File:Register_File|reg_array[2][21] ; Stuck at GND due to stuck port clock        ;
; Akram_12_20_2021_Register_File:Register_File|reg_array[1][21] ; Stuck at GND due to stuck port clock        ;
; Akram_12_20_2021_Register_File:Register_File|reg_array[2][20] ; Stuck at GND due to stuck port clock        ;
; Akram_12_20_2021_Register_File:Register_File|reg_array[1][20] ; Stuck at GND due to stuck port clock        ;
; Akram_12_20_2021_Register_File:Register_File|reg_array[2][19] ; Stuck at GND due to stuck port clock        ;
; Akram_12_20_2021_Register_File:Register_File|reg_array[1][19] ; Stuck at GND due to stuck port clock        ;
; Akram_12_20_2021_Register_File:Register_File|reg_array[2][18] ; Stuck at GND due to stuck port clock        ;
; Akram_12_20_2021_Register_File:Register_File|reg_array[1][18] ; Stuck at GND due to stuck port clock        ;
; Akram_12_20_2021_Register_File:Register_File|reg_array[2][16] ; Stuck at GND due to stuck port clock        ;
; Akram_12_20_2021_Register_File:Register_File|reg_array[1][16] ; Stuck at GND due to stuck port clock        ;
; Akram_12_20_2021_Register_File:Register_File|reg_array[2][17] ; Stuck at GND due to stuck port clock        ;
; Akram_12_20_2021_Register_File:Register_File|reg_array[1][17] ; Stuck at GND due to stuck port clock        ;
; Akram_12_20_2021_Register_File:Register_File|reg_array[2][15] ; Stuck at GND due to stuck port clock        ;
; Akram_12_20_2021_Register_File:Register_File|reg_array[1][15] ; Stuck at GND due to stuck port clock        ;
; Akram_12_20_2021_Register_File:Register_File|reg_array[1][28] ; Stuck at GND due to stuck port clock        ;
; Akram_12_20_2021_Register_File:Register_File|reg_array[2][28] ; Stuck at GND due to stuck port clock        ;
; Akram_12_20_2021_Register_File:Register_File|reg_array[1][27] ; Stuck at GND due to stuck port clock        ;
; Akram_12_20_2021_Register_File:Register_File|reg_array[2][27] ; Stuck at GND due to stuck port clock        ;
; Akram_12_20_2021_Register_File:Register_File|reg_array[1][26] ; Stuck at GND due to stuck port clock        ;
; Akram_12_20_2021_Register_File:Register_File|reg_array[2][26] ; Stuck at GND due to stuck port clock        ;
; Akram_12_20_2021_Register_File:Register_File|reg_array[2][24] ; Stuck at GND due to stuck port clock        ;
; Akram_12_20_2021_Register_File:Register_File|reg_array[1][24] ; Stuck at GND due to stuck port clock        ;
; Akram_12_20_2021_Register_File:Register_File|reg_array[1][25] ; Stuck at GND due to stuck port clock        ;
; Akram_12_20_2021_Register_File:Register_File|reg_array[2][25] ; Stuck at GND due to stuck port clock        ;
; Akram_12_20_2021_Register_File:Register_File|reg_array[1][23] ; Stuck at GND due to stuck port clock        ;
; Akram_12_20_2021_Register_File:Register_File|reg_array[2][23] ; Stuck at GND due to stuck port clock        ;
; Akram_12_20_2021_Register_File:Register_File|reg_array[1][22] ; Stuck at GND due to stuck port clock        ;
; Akram_12_20_2021_Register_File:Register_File|reg_array[2][22] ; Stuck at GND due to stuck port clock        ;
; Akram_12_20_2021_Register_File:Register_File|reg_array[2][31] ; Stuck at GND due to stuck port clock        ;
; Akram_12_20_2021_Register_File:Register_File|reg_array[1][31] ; Stuck at GND due to stuck port clock        ;
; Akram_12_20_2021_Register_File:Register_File|reg_array[2][30] ; Stuck at GND due to stuck port clock        ;
; Akram_12_20_2021_Register_File:Register_File|reg_array[1][30] ; Stuck at GND due to stuck port clock        ;
; Akram_12_20_2021_Register_File:Register_File|reg_array[2][29] ; Stuck at GND due to stuck port clock        ;
; Akram_12_20_2021_Register_File:Register_File|reg_array[1][29] ; Stuck at GND due to stuck port clock        ;
; Total Number of Removed Registers = 192                       ;                                             ;
+---------------------------------------------------------------+---------------------------------------------+


+------------------------------------------------------+
; General Register Statistics                          ;
+----------------------------------------------+-------+
; Statistic                                    ; Value ;
+----------------------------------------------+-------+
; Total registers                              ; 96    ;
; Number of registers using Synchronous Clear  ; 61    ;
; Number of registers using Synchronous Load   ; 0     ;
; Number of registers using Asynchronous Clear ; 96    ;
; Number of registers using Asynchronous Load  ; 0     ;
; Number of registers using Clock Enable       ; 63    ;
; Number of registers using Preset             ; 0     ;
+----------------------------------------------+-------+


+------------------------------------------------------------------------+
; Inverted Register Statistics                                           ;
+--------------------------------------------------------------+---------+
; Inverted Register                                            ; Fan out ;
+--------------------------------------------------------------+---------+
; Akram_12_20_2021_Register_File:Register_File|reg_array[0][0] ; 3       ;
; Akram_12_20_2021_Register_File:Register_File|reg_array[3][0] ; 2       ;
; Akram_12_20_2021_Register_File:Register_File|reg_array[3][1] ; 2       ;
; Total number of inverted registers = 3                       ;         ;
+--------------------------------------------------------------+---------+


+-------------------------------------------------------------------------------------------------------------------------------------------------------------------------------------------------------------------+
; Multiplexer Restructuring Statistics (Restructuring Performed)                                                                                                                                                    ;
+--------------------+-----------+---------------+----------------------+------------------------+------------+-----------------------------------------------------------------------------------------------------+
; Multiplexer Inputs ; Bus Width ; Baseline Area ; Area if Restructured ; Saving if Restructured ; Registered ; Example Multiplexer Output                                                                          ;
+--------------------+-----------+---------------+----------------------+------------------------+------------+-----------------------------------------------------------------------------------------------------+
; 1:1                ; 32 bits   ; 0 LEs         ; 0 LEs                ; 0 LEs                  ; No         ; |Akram_12_20_2021_Simplified_CPU|Akram_12_20_2021_ALU:ALU|Add0                                      ;
; 3:1                ; 32 bits   ; 64 LEs        ; 32 LEs               ; 32 LEs                 ; No         ; |Akram_12_20_2021_Simplified_CPU|Akram_12_20_2021_ALU:ALU|Add0                                      ;
; 3:1                ; 3 bits    ; 6 LEs         ; 6 LEs                ; 0 LEs                  ; No         ; |Akram_12_20_2021_Simplified_CPU|Akram_reg_wr_dest[0]                                               ;
; 5:1                ; 32 bits   ; 96 LEs        ; 96 LEs               ; 0 LEs                  ; No         ; |Akram_12_20_2021_Simplified_CPU|Akram_12_20_2021_Register_File:Register_File|Akram_read_data_1[5]  ;
; 5:1                ; 32 bits   ; 96 LEs        ; 96 LEs               ; 0 LEs                  ; No         ; |Akram_12_20_2021_Simplified_CPU|Akram_12_20_2021_Register_File:Register_File|Akram_read_data_2[15] ;
+--------------------+-----------+---------------+----------------------+------------------------+------------+-----------------------------------------------------------------------------------------------------+


+----------------------------------------------------------------------------------------------------------------------+
; Port Connectivity Checks: "Akram_12_20_2021_Data_Memory:Data_Memory"                                                 ;
+------------+--------+----------+-------------------------------------------------------------------------------------+
; Port       ; Type   ; Severity ; Details                                                                             ;
+------------+--------+----------+-------------------------------------------------------------------------------------+
; akram_data ; Output ; Info     ; Connected to dangling logic. Logic that only feeds a dangling port will be removed. ;
+------------+--------+----------+-------------------------------------------------------------------------------------+


+----------------------------------------------------------------------------------------------------------------------------+
; Port Connectivity Checks: "Akram_12_20_2021_Control_Unit:Control"                                                          ;
+------------------+--------+----------+-------------------------------------------------------------------------------------+
; Port             ; Type   ; Severity ; Details                                                                             ;
+------------------+--------+----------+-------------------------------------------------------------------------------------+
; akram_mem_to_reg ; Output ; Info     ; Connected to dangling logic. Logic that only feeds a dangling port will be removed. ;
; akram_alu_src    ; Output ; Info     ; Connected to dangling logic. Logic that only feeds a dangling port will be removed. ;
+------------------+--------+----------+-------------------------------------------------------------------------------------+


+-----------------------------------------------------+
; Post-Synthesis Netlist Statistics for Top Partition ;
+-----------------------+-----------------------------+
; Type                  ; Count                       ;
+-----------------------+-----------------------------+
; arriav_ff             ; 96                          ;
;     CLR               ; 33                          ;
;     ENA CLR           ; 2                           ;
;     ENA CLR SCLR      ; 61                          ;
; arriav_lcell_comb     ; 349                         ;
;     arith             ; 65                          ;
;         1 data inputs ; 32                          ;
;         4 data inputs ; 1                           ;
;         5 data inputs ; 32                          ;
;     normal            ; 284                         ;
;         1 data inputs ; 2                           ;
;         2 data inputs ; 84                          ;
;         3 data inputs ; 46                          ;
;         4 data inputs ; 64                          ;
;         5 data inputs ; 37                          ;
;         6 data inputs ; 51                          ;
; boundary_port         ; 66                          ;
;                       ;                             ;
; Max LUT depth         ; 9.10                        ;
; Average LUT depth     ; 7.70                        ;
+-----------------------+-----------------------------+


+-------------------------------+
; Elapsed Time Per Partition    ;
+----------------+--------------+
; Partition Name ; Elapsed Time ;
+----------------+--------------+
; Top            ; 00:00:02     ;
+----------------+--------------+


+-------------------------------+
; Analysis & Synthesis Messages ;
+-------------------------------+
Info: *******************************************************************
Info: Running Quartus Prime Analysis & Synthesis
    Info: Version 16.0.0 Build 211 04/27/2016 SJ Lite Edition
    Info: Processing started: Mon Dec 20 01:24:49 2021
Info: Command: quartus_map --read_settings_files=on --write_settings_files=off Akram_12_20_2021_Simplified_CPU -c Akram_12_20_2021_Simplified_CPU
Warning (20028): Parallel compilation is not licensed and has been disabled
Info (12021): Found 2 design units, including 1 entities, in source file akram_12_20_2021_simplified_cpu.vhd
    Info (12022): Found design unit 1: Akram_12_20_2021_Simplified_CPU-arch File: C:/Users/Izzy/OneDrive/College/CSC342_3 Computer Organization/Labs/Lab 8/Akram_12_20_2021_Simplified_CPU.vhd Line: 12
    Info (12023): Found entity 1: Akram_12_20_2021_Simplified_CPU File: C:/Users/Izzy/OneDrive/College/CSC342_3 Computer Organization/Labs/Lab 8/Akram_12_20_2021_Simplified_CPU.vhd Line: 5
Info (12021): Found 2 design units, including 1 entities, in source file akram_12_20_2021_data_memory.vhd
    Info (12022): Found design unit 1: Akram_12_20_2021_Data_Memory-arch File: C:/Users/Izzy/OneDrive/College/CSC342_3 Computer Organization/Labs/Lab 8/Akram_12_20_2021_Data_Memory.vhd Line: 12
    Info (12023): Found entity 1: Akram_12_20_2021_Data_Memory File: C:/Users/Izzy/OneDrive/College/CSC342_3 Computer Organization/Labs/Lab 8/Akram_12_20_2021_Data_Memory.vhd Line: 5
Info (12021): Found 2 design units, including 1 entities, in source file akram_12_20_2021_alu.vhd
    Info (12022): Found design unit 1: Akram_12_20_2021_ALU-arch File: C:/Users/Izzy/OneDrive/College/CSC342_3 Computer Organization/Labs/Lab 8/Akram_12_20_2021_ALU.vhd Line: 14
    Info (12023): Found entity 1: Akram_12_20_2021_ALU File: C:/Users/Izzy/OneDrive/College/CSC342_3 Computer Organization/Labs/Lab 8/Akram_12_20_2021_ALU.vhd Line: 6
Info (12021): Found 2 design units, including 1 entities, in source file akram_12_20_2021_alu_control_adder.vhd
    Info (12022): Found design unit 1: Akram_12_20_2021_ALU_Control_Adder-arch File: C:/Users/Izzy/OneDrive/College/CSC342_3 Computer Organization/Labs/Lab 8/Akram_12_20_2021_ALU_Control_Adder.vhd Line: 11
    Info (12023): Found entity 1: Akram_12_20_2021_ALU_Control_Adder File: C:/Users/Izzy/OneDrive/College/CSC342_3 Computer Organization/Labs/Lab 8/Akram_12_20_2021_ALU_Control_Adder.vhd Line: 4
Info (12021): Found 2 design units, including 1 entities, in source file akram_12_20_2021_control_unit.vhd
    Info (12022): Found design unit 1: Akram_12_20_2021_Control_Unit-arch File: C:/Users/Izzy/OneDrive/College/CSC342_3 Computer Organization/Labs/Lab 8/Akram_12_20_2021_Control_Unit.vhd Line: 13
    Info (12023): Found entity 1: Akram_12_20_2021_Control_Unit File: C:/Users/Izzy/OneDrive/College/CSC342_3 Computer Organization/Labs/Lab 8/Akram_12_20_2021_Control_Unit.vhd Line: 4
Info (12021): Found 2 design units, including 1 entities, in source file akram_12_20_2021_ir.vhd
    Info (12022): Found design unit 1: Akram_12_20_2021_IR-arch File: C:/Users/Izzy/OneDrive/College/CSC342_3 Computer Organization/Labs/Lab 8/Akram_12_20_2021_IR.vhd Line: 12
    Info (12023): Found entity 1: Akram_12_20_2021_IR File: C:/Users/Izzy/OneDrive/College/CSC342_3 Computer Organization/Labs/Lab 8/Akram_12_20_2021_IR.vhd Line: 5
Info (12021): Found 2 design units, including 1 entities, in source file akram_12_20_2021_register_file.vhd
    Info (12022): Found design unit 1: Akram_12_20_2021_Register_File-arch File: C:/Users/Izzy/OneDrive/College/CSC342_3 Computer Organization/Labs/Lab 8/Akram_12_20_2021_Register_File.vhd Line: 15
    Info (12023): Found entity 1: Akram_12_20_2021_Register_File File: C:/Users/Izzy/OneDrive/College/CSC342_3 Computer Organization/Labs/Lab 8/Akram_12_20_2021_Register_File.vhd Line: 5
Info (12127): Elaborating entity "Akram_12_20_2021_Simplified_CPU" for the top level hierarchy
Warning (10036): Verilog HDL or VHDL warning at Akram_12_20_2021_Simplified_CPU.vhd(16): object "Akram_mem_to_reg" assigned a value but never read File: C:/Users/Izzy/OneDrive/College/CSC342_3 Computer Organization/Labs/Lab 8/Akram_12_20_2021_Simplified_CPU.vhd Line: 16
Warning (10036): Verilog HDL or VHDL warning at Akram_12_20_2021_Simplified_CPU.vhd(26): object "Akram_read_data2" assigned a value but never read File: C:/Users/Izzy/OneDrive/College/CSC342_3 Computer Organization/Labs/Lab 8/Akram_12_20_2021_Simplified_CPU.vhd Line: 26
Warning (10036): Verilog HDL or VHDL warning at Akram_12_20_2021_Simplified_CPU.vhd(35): object "Akram_mem_rden_data" assigned a value but never read File: C:/Users/Izzy/OneDrive/College/CSC342_3 Computer Organization/Labs/Lab 8/Akram_12_20_2021_Simplified_CPU.vhd Line: 35
Info (12128): Elaborating entity "Akram_12_20_2021_IR" for hierarchy "Akram_12_20_2021_IR:Instruction_Memory" File: C:/Users/Izzy/OneDrive/College/CSC342_3 Computer Organization/Labs/Lab 8/Akram_12_20_2021_Simplified_CPU.vhd Line: 102
Info (12128): Elaborating entity "Akram_12_20_2021_Control_Unit" for hierarchy "Akram_12_20_2021_Control_Unit:Control" File: C:/Users/Izzy/OneDrive/College/CSC342_3 Computer Organization/Labs/Lab 8/Akram_12_20_2021_Simplified_CPU.vhd Line: 112
Info (12128): Elaborating entity "Akram_12_20_2021_Register_File" for hierarchy "Akram_12_20_2021_Register_File:Register_File" File: C:/Users/Izzy/OneDrive/College/CSC342_3 Computer Organization/Labs/Lab 8/Akram_12_20_2021_Simplified_CPU.vhd Line: 136
Warning (10027): Verilog HDL or VHDL warning at the Akram_12_20_2021_Register_File.vhd(58): index expression is not wide enough to address all of the elements in the array File: C:/Users/Izzy/OneDrive/College/CSC342_3 Computer Organization/Labs/Lab 8/Akram_12_20_2021_Register_File.vhd Line: 58
Warning (10631): VHDL Process Statement warning at Akram_12_20_2021_Register_File.vhd(21): inferring latch(es) for signal or variable "reg_array", which holds its previous value in one or more paths through the process File: C:/Users/Izzy/OneDrive/College/CSC342_3 Computer Organization/Labs/Lab 8/Akram_12_20_2021_Register_File.vhd Line: 21
Info (12128): Elaborating entity "Akram_12_20_2021_ALU_Control_Adder" for hierarchy "Akram_12_20_2021_ALU_Control_Adder:ALU_Control" File: C:/Users/Izzy/OneDrive/College/CSC342_3 Computer Organization/Labs/Lab 8/Akram_12_20_2021_Simplified_CPU.vhd Line: 158
Info (12128): Elaborating entity "Akram_12_20_2021_ALU" for hierarchy "Akram_12_20_2021_ALU:ALU" File: C:/Users/Izzy/OneDrive/College/CSC342_3 Computer Organization/Labs/Lab 8/Akram_12_20_2021_Simplified_CPU.vhd Line: 167
Info (12128): Elaborating entity "Akram_12_20_2021_Data_Memory" for hierarchy "Akram_12_20_2021_Data_Memory:Data_Memory" File: C:/Users/Izzy/OneDrive/College/CSC342_3 Computer Organization/Labs/Lab 8/Akram_12_20_2021_Simplified_CPU.vhd Line: 175
Info (286030): Timing-Driven Synthesis is running
Info (17049): 13 registers lost all their fanouts during netlist optimizations.
Info (16010): Generating hard_block partition "hard_block:auto_generated_inst"
    Info (16011): Adding 0 node(s), including 0 DDIO, 0 PLL, 0 transceiver and 0 LCELL
Info (21057): Implemented 476 device resources after synthesis - the final resource count might be different
    Info (21058): Implemented 2 input pins
    Info (21059): Implemented 64 output pins
    Info (21061): Implemented 410 logic cells
Info: Quartus Prime Analysis & Synthesis was successful. 0 errors, 6 warnings
    Info: Peak virtual memory: 5059 megabytes
    Info: Processing ended: Mon Dec 20 01:25:00 2021
    Info: Elapsed time: 00:00:11
    Info: Total CPU time (on all processors): 00:00:24


