Assembler report for Akram_9_19_2021_1_Bit_Full_Adder
Fri Sep 17 10:14:23 2021
Quartus Prime Version 16.0.0 Build 211 04/27/2016 SJ Lite Edition


---------------------
; Table of Contents ;
---------------------
  1. Legal Notice
  2. Assembler Summary
  3. Assembler Settings
  4. Assembler Generated Files
  5. Assembler Device Options: C:/Users/Izzy/OneDrive/College/CSC342_3 Computer Organization/Labs/Lab 3/output_files/Akram_9_19_2021_1_Bit_Full_Adder.sof
  6. Assembler Messages



----------------
; Legal Notice ;
----------------
Copyright (C) 1991-2016 Altera Corporation. All rights reserved.
Your use of Altera Corporation's design tools, logic functions 
and other software and tools, and its AMPP partner logic 
functions, and any output files from any of the foregoing 
(including device programming or simulation files), and any 
associated documentation or information are expressly subject 
to the terms and conditions of the Altera Program License 
Subscription Agreement, the Altera Quartus Prime License Agreement,
the Altera MegaCore Function License Agreement, or other 
applicable license agreement, including, without limitation, 
that your use is for the sole purpose of programming logic 
devices manufactured by Altera and sold by Altera or its 
authorized distributors.  Please refer to the applicable 
agreement for further details.



+---------------------------------------------------------------+
; Assembler Summary                                             ;
+-----------------------+---------------------------------------+
; Assembler Status      ; Successful - Fri Sep 17 10:14:23 2021 ;
; Revision Name         ; Akram_9_19_2021_1_Bit_Full_Adder      ;
; Top-level Entity Name ; Akram_9_19_2021_1_Bit_Full_Adder      ;
; Family                ; Cyclone V                             ;
; Device                ; 5CSEMA5F31C6                          ;
+-----------------------+---------------------------------------+


+----------------------------------+
; Assembler Settings               ;
+--------+---------+---------------+
; Option ; Setting ; Default Value ;
+--------+---------+---------------+


+----------------------------------------------------------------------------------------------------------------------------+
; Assembler Generated Files                                                                                                  ;
+----------------------------------------------------------------------------------------------------------------------------+
; File Name                                                                                                                  ;
+----------------------------------------------------------------------------------------------------------------------------+
; C:/Users/Izzy/OneDrive/College/CSC342_3 Computer Organization/Labs/Lab 3/output_files/Akram_9_19_2021_1_Bit_Full_Adder.sof ;
+----------------------------------------------------------------------------------------------------------------------------+


+------------------------------------------------------------------------------------------------------------------------------------------------------+
; Assembler Device Options: C:/Users/Izzy/OneDrive/College/CSC342_3 Computer Organization/Labs/Lab 3/output_files/Akram_9_19_2021_1_Bit_Full_Adder.sof ;
+----------------+-------------------------------------------------------------------------------------------------------------------------------------+
; Option         ; Setting                                                                                                                             ;
+----------------+-------------------------------------------------------------------------------------------------------------------------------------+
; Device         ; 5CSEMA5F31C6                                                                                                                        ;
; JTAG usercode  ; 0x00AF55AA                                                                                                                          ;
; Checksum       ; 0x00AF55AA                                                                                                                          ;
+----------------+-------------------------------------------------------------------------------------------------------------------------------------+


+--------------------+
; Assembler Messages ;
+--------------------+
Info: *******************************************************************
Info: Running Quartus Prime Assembler
    Info: Version 16.0.0 Build 211 04/27/2016 SJ Lite Edition
    Info: Processing started: Fri Sep 17 10:14:18 2021
Info: Command: quartus_asm --read_settings_files=off --write_settings_files=off Akram_9_19_2021_1_Bit_Full_Adder -c Akram_9_19_2021_1_Bit_Full_Adder
Info (115030): Assembler is generating device programming files
Info: Quartus Prime Assembler was successful. 0 errors, 0 warnings
    Info: Peak virtual memory: 5019 megabytes
    Info: Processing ended: Fri Sep 17 10:14:23 2021
    Info: Elapsed time: 00:00:05
    Info: Total CPU time (on all processors): 00:00:06


