Flow report for Akram_11_14_2021_Lab_7_ALU
Sun Nov 14 02:19:32 2021
Quartus Prime Version 16.0.0 Build 211 04/27/2016 SJ Lite Edition


---------------------
; Table of Contents ;
---------------------
  1. Legal Notice
  2. Flow Summary
  3. Flow Settings
  4. Flow Non-Default Global Settings
  5. Flow Elapsed Time
  6. Flow OS Summary
  7. Flow Log
  8. Flow Messages
  9. Flow Suppressed Messages



----------------
; Legal Notice ;
----------------
Copyright (C) 1991-2016 Altera Corporation. All rights reserved.
Your use of Altera Corporation's design tools, logic functions 
and other software and tools, and its AMPP partner logic 
functions, and any output files from any of the foregoing 
(including device programming or simulation files), and any 
associated documentation or information are expressly subject 
to the terms and conditions of the Altera Program License 
Subscription Agreement, the Altera Quartus Prime License Agreement,
the Altera MegaCore Function License Agreement, or other 
applicable license agreement, including, without limitation, 
that your use is for the sole purpose of programming logic 
devices manufactured by Altera and sold by Altera or its 
authorized distributors.  Please refer to the applicable 
agreement for further details.



+-------------------------------------------------------------------------------+
; Flow Summary                                                                  ;
+---------------------------------+---------------------------------------------+
; Flow Status                     ; Successful - Sun Nov 14 02:19:27 2021       ;
; Quartus Prime Version           ; 16.0.0 Build 211 04/27/2016 SJ Lite Edition ;
; Revision Name                   ; Akram_11_14_2021_Lab_7_ALU                  ;
; Top-level Entity Name           ; Akram_11_14_2021_Data_Memory                ;
; Family                          ; Cyclone V                                   ;
; Device                          ; 5CSEMA5F31C6                                ;
; Timing Models                   ; Final                                       ;
; Logic utilization (in ALMs)     ; 18 / 32,070 ( < 1 % )                       ;
; Total registers                 ; 32                                          ;
; Total pins                      ; 99 / 457 ( 22 % )                           ;
; Total virtual pins              ; 0                                           ;
; Total block memory bits         ; 0 / 4,065,280 ( 0 % )                       ;
; Total DSP Blocks                ; 0 / 87 ( 0 % )                              ;
; Total HSSI RX PCSs              ; 0                                           ;
; Total HSSI PMA RX Deserializers ; 0                                           ;
; Total HSSI TX PCSs              ; 0                                           ;
; Total HSSI PMA TX Serializers   ; 0                                           ;
; Total PLLs                      ; 0 / 6 ( 0 % )                               ;
; Total DLLs                      ; 0 / 4 ( 0 % )                               ;
+---------------------------------+---------------------------------------------+


+------------------------------------------------+
; Flow Settings                                  ;
+-------------------+----------------------------+
; Option            ; Setting                    ;
+-------------------+----------------------------+
; Start date & time ; 11/14/2021 02:18:27        ;
; Main task         ; Compilation                ;
; Revision Name     ; Akram_11_14_2021_Lab_7_ALU ;
+-------------------+----------------------------+


+-----------------------------------------------------------------------------------------------------------------------------------------------+
; Flow Non-Default Global Settings                                                                                                              ;
+-------------------------------------+--------------------------------+----------------------------+------------------------------+------------+
; Assignment Name                     ; Value                          ; Default Value              ; Entity Name                  ; Section Id ;
+-------------------------------------+--------------------------------+----------------------------+------------------------------+------------+
; COMPILER_SIGNATURE_ID               ; 53447175357454.163687430723040 ; --                         ; --                           ; --         ;
; MAX_CORE_JUNCTION_TEMP              ; 85                             ; --                         ; --                           ; --         ;
; MIN_CORE_JUNCTION_TEMP              ; 0                              ; --                         ; --                           ; --         ;
; PARTITION_COLOR                     ; 16764057                       ; --                         ; Akram_11_14_2021_Data_Memory ; Top        ;
; PARTITION_FITTER_PRESERVATION_LEVEL ; PLACEMENT_AND_ROUTING          ; --                         ; Akram_11_14_2021_Data_Memory ; Top        ;
; PARTITION_NETLIST_TYPE              ; SOURCE                         ; --                         ; Akram_11_14_2021_Data_Memory ; Top        ;
; PROJECT_OUTPUT_DIRECTORY            ; output_files                   ; --                         ; --                           ; --         ;
; TOP_LEVEL_ENTITY                    ; Akram_11_14_2021_Data_Memory   ; Akram_11_14_2021_Lab_7_ALU ; --                           ; --         ;
+-------------------------------------+--------------------------------+----------------------------+------------------------------+------------+


+-------------------------------------------------------------------------------------------------------------------------------+
; Flow Elapsed Time                                                                                                             ;
+---------------------------+--------------+-------------------------+---------------------+------------------------------------+
; Module Name               ; Elapsed Time ; Average Processors Used ; Peak Virtual Memory ; Total CPU Time (on all processors) ;
+---------------------------+--------------+-------------------------+---------------------+------------------------------------+
; Analysis & Synthesis      ; 00:00:10     ; 1.0                     ; 5069 MB             ; 00:00:21                           ;
; Fitter                    ; 00:00:43     ; 1.0                     ; 6255 MB             ; 00:00:51                           ;
; Assembler                 ; 00:00:06     ; 1.0                     ; 5020 MB             ; 00:00:06                           ;
; TimeQuest Timing Analyzer ; 00:00:04     ; 1.0                     ; 5270 MB             ; 00:00:05                           ;
; Total                     ; 00:01:03     ; --                      ; --                  ; 00:01:23                           ;
+---------------------------+--------------+-------------------------+---------------------+------------------------------------+


+----------------------------------------------------------------------------------------+
; Flow OS Summary                                                                        ;
+---------------------------+------------------+-----------+------------+----------------+
; Module Name               ; Machine Hostname ; OS Name   ; OS Version ; Processor type ;
+---------------------------+------------------+-----------+------------+----------------+
; Analysis & Synthesis      ; IZZY-Desktop     ; Windows 8 ; 6.2        ; x86_64         ;
; Fitter                    ; IZZY-Desktop     ; Windows 8 ; 6.2        ; x86_64         ;
; Assembler                 ; IZZY-Desktop     ; Windows 8 ; 6.2        ; x86_64         ;
; TimeQuest Timing Analyzer ; IZZY-Desktop     ; Windows 8 ; 6.2        ; x86_64         ;
+---------------------------+------------------+-----------+------------+----------------+


------------
; Flow Log ;
------------
quartus_map --read_settings_files=on --write_settings_files=off Akram_11_14_2021_Lab_7_ALU -c Akram_11_14_2021_Lab_7_ALU
quartus_fit --read_settings_files=off --write_settings_files=off Akram_11_14_2021_Lab_7_ALU -c Akram_11_14_2021_Lab_7_ALU
quartus_asm --read_settings_files=off --write_settings_files=off Akram_11_14_2021_Lab_7_ALU -c Akram_11_14_2021_Lab_7_ALU
quartus_sta Akram_11_14_2021_Lab_7_ALU -c Akram_11_14_2021_Lab_7_ALU



