Analysis & Synthesis report for Akram_11_14_2021_Lab_7_ALU
Sun Nov 14 02:18:36 2021
Quartus Prime Version 16.0.0 Build 211 04/27/2016 SJ Lite Edition


---------------------
; Table of Contents ;
---------------------
  1. Legal Notice
  2. Analysis & Synthesis Summary
  3. Analysis & Synthesis Settings
  4. Parallel Compilation
  5. Analysis & Synthesis Source Files Read
  6. Analysis & Synthesis Resource Usage Summary
  7. Analysis & Synthesis Resource Utilization by Entity
  8. User-Specified and Inferred Latches
  9. General Register Statistics
 10. Multiplexer Restructuring Statistics (Restructuring Performed)
 11. Post-Synthesis Netlist Statistics for Top Partition
 12. Elapsed Time Per Partition
 13. Analysis & Synthesis Messages



----------------
; Legal Notice ;
----------------
Copyright (C) 1991-2016 Altera Corporation. All rights reserved.
Your use of Altera Corporation's design tools, logic functions 
and other software and tools, and its AMPP partner logic 
functions, and any output files from any of the foregoing 
(including device programming or simulation files), and any 
associated documentation or information are expressly subject 
to the terms and conditions of the Altera Program License 
Subscription Agreement, the Altera Quartus Prime License Agreement,
the Altera MegaCore Function License Agreement, or other 
applicable license agreement, including, without limitation, 
that your use is for the sole purpose of programming logic 
devices manufactured by Altera and sold by Altera or its 
authorized distributors.  Please refer to the applicable 
agreement for further details.



+-------------------------------------------------------------------------------+
; Analysis & Synthesis Summary                                                  ;
+---------------------------------+---------------------------------------------+
; Analysis & Synthesis Status     ; Successful - Sun Nov 14 02:18:36 2021       ;
; Quartus Prime Version           ; 16.0.0 Build 211 04/27/2016 SJ Lite Edition ;
; Revision Name                   ; Akram_11_14_2021_Lab_7_ALU                  ;
; Top-level Entity Name           ; Akram_11_14_2021_Data_Memory                ;
; Family                          ; Cyclone V                                   ;
; Logic utilization (in ALMs)     ; N/A                                         ;
; Total registers                 ; 32                                          ;
; Total pins                      ; 99                                          ;
; Total virtual pins              ; 0                                           ;
; Total block memory bits         ; 0                                           ;
; Total DSP Blocks                ; 0                                           ;
; Total HSSI RX PCSs              ; 0                                           ;
; Total HSSI PMA RX Deserializers ; 0                                           ;
; Total HSSI TX PCSs              ; 0                                           ;
; Total HSSI PMA TX Serializers   ; 0                                           ;
; Total PLLs                      ; 0                                           ;
; Total DLLs                      ; 0                                           ;
+---------------------------------+---------------------------------------------+


+---------------------------------------------------------------------------------------------------------------------------------------------+
; Analysis & Synthesis Settings                                                                                                               ;
+---------------------------------------------------------------------------------+------------------------------+----------------------------+
; Option                                                                          ; Setting                      ; Default Value              ;
+---------------------------------------------------------------------------------+------------------------------+----------------------------+
; Device                                                                          ; 5CSEMA5F31C6                 ;                            ;
; Top-level entity name                                                           ; Akram_11_14_2021_Data_Memory ; Akram_11_14_2021_Lab_7_ALU ;
; Family name                                                                     ; Cyclone V                    ; Cyclone V                  ;
; Use smart compilation                                                           ; Off                          ; Off                        ;
; Enable parallel Assembler and TimeQuest Timing Analyzer during compilation      ; On                           ; On                         ;
; Enable compact report table                                                     ; Off                          ; Off                        ;
; Restructure Multiplexers                                                        ; Auto                         ; Auto                       ;
; MLAB Add Timing Constraints For Mixed-Port Feed-Through Mode Setting Don't Care ; Off                          ; Off                        ;
; Create Debugging Nodes for IP Cores                                             ; Off                          ; Off                        ;
; Preserve fewer node names                                                       ; On                           ; On                         ;
; Disable OpenCore Plus hardware evaluation                                       ; Off                          ; Off                        ;
; Verilog Version                                                                 ; Verilog_2001                 ; Verilog_2001               ;
; VHDL Version                                                                    ; VHDL_1993                    ; VHDL_1993                  ;
; State Machine Processing                                                        ; Auto                         ; Auto                       ;
; Safe State Machine                                                              ; Off                          ; Off                        ;
; Extract Verilog State Machines                                                  ; On                           ; On                         ;
; Extract VHDL State Machines                                                     ; On                           ; On                         ;
; Ignore Verilog initial constructs                                               ; Off                          ; Off                        ;
; Iteration limit for constant Verilog loops                                      ; 5000                         ; 5000                       ;
; Iteration limit for non-constant Verilog loops                                  ; 250                          ; 250                        ;
; Add Pass-Through Logic to Inferred RAMs                                         ; On                           ; On                         ;
; Infer RAMs from Raw Logic                                                       ; On                           ; On                         ;
; Parallel Synthesis                                                              ; On                           ; On                         ;
; DSP Block Balancing                                                             ; Auto                         ; Auto                       ;
; NOT Gate Push-Back                                                              ; On                           ; On                         ;
; Power-Up Don't Care                                                             ; On                           ; On                         ;
; Remove Redundant Logic Cells                                                    ; Off                          ; Off                        ;
; Remove Duplicate Registers                                                      ; On                           ; On                         ;
; Ignore CARRY Buffers                                                            ; Off                          ; Off                        ;
; Ignore CASCADE Buffers                                                          ; Off                          ; Off                        ;
; Ignore GLOBAL Buffers                                                           ; Off                          ; Off                        ;
; Ignore ROW GLOBAL Buffers                                                       ; Off                          ; Off                        ;
; Ignore LCELL Buffers                                                            ; Off                          ; Off                        ;
; Ignore SOFT Buffers                                                             ; On                           ; On                         ;
; Limit AHDL Integers to 32 Bits                                                  ; Off                          ; Off                        ;
; Optimization Technique                                                          ; Balanced                     ; Balanced                   ;
; Carry Chain Length                                                              ; 70                           ; 70                         ;
; Auto Carry Chains                                                               ; On                           ; On                         ;
; Auto Open-Drain Pins                                                            ; On                           ; On                         ;
; Perform WYSIWYG Primitive Resynthesis                                           ; Off                          ; Off                        ;
; Auto ROM Replacement                                                            ; On                           ; On                         ;
; Auto RAM Replacement                                                            ; On                           ; On                         ;
; Auto DSP Block Replacement                                                      ; On                           ; On                         ;
; Auto Shift Register Replacement                                                 ; Auto                         ; Auto                       ;
; Allow Shift Register Merging across Hierarchies                                 ; Auto                         ; Auto                       ;
; Auto Clock Enable Replacement                                                   ; On                           ; On                         ;
; Strict RAM Replacement                                                          ; Off                          ; Off                        ;
; Allow Synchronous Control Signals                                               ; On                           ; On                         ;
; Force Use of Synchronous Clear Signals                                          ; Off                          ; Off                        ;
; Auto Resource Sharing                                                           ; Off                          ; Off                        ;
; Allow Any RAM Size For Recognition                                              ; Off                          ; Off                        ;
; Allow Any ROM Size For Recognition                                              ; Off                          ; Off                        ;
; Allow Any Shift Register Size For Recognition                                   ; Off                          ; Off                        ;
; Use LogicLock Constraints during Resource Balancing                             ; On                           ; On                         ;
; Ignore translate_off and synthesis_off directives                               ; Off                          ; Off                        ;
; Timing-Driven Synthesis                                                         ; On                           ; On                         ;
; Report Parameter Settings                                                       ; On                           ; On                         ;
; Report Source Assignments                                                       ; On                           ; On                         ;
; Report Connectivity Checks                                                      ; On                           ; On                         ;
; Ignore Maximum Fan-Out Assignments                                              ; Off                          ; Off                        ;
; Synchronization Register Chain Length                                           ; 3                            ; 3                          ;
; PowerPlay Power Optimization During Synthesis                                   ; Normal compilation           ; Normal compilation         ;
; HDL message level                                                               ; Level2                       ; Level2                     ;
; Suppress Register Optimization Related Messages                                 ; Off                          ; Off                        ;
; Number of Removed Registers Reported in Synthesis Report                        ; 5000                         ; 5000                       ;
; Number of Swept Nodes Reported in Synthesis Report                              ; 5000                         ; 5000                       ;
; Number of Inverted Registers Reported in Synthesis Report                       ; 100                          ; 100                        ;
; Clock MUX Protection                                                            ; On                           ; On                         ;
; Auto Gated Clock Conversion                                                     ; Off                          ; Off                        ;
; Block Design Naming                                                             ; Auto                         ; Auto                       ;
; SDC constraint protection                                                       ; Off                          ; Off                        ;
; Synthesis Effort                                                                ; Auto                         ; Auto                       ;
; Shift Register Replacement - Allow Asynchronous Clear Signal                    ; On                           ; On                         ;
; Pre-Mapping Resynthesis Optimization                                            ; Off                          ; Off                        ;
; Analysis & Synthesis Message Level                                              ; Medium                       ; Medium                     ;
; Disable Register Merging Across Hierarchies                                     ; Auto                         ; Auto                       ;
; Resource Aware Inference For Block RAM                                          ; On                           ; On                         ;
; Synthesis Seed                                                                  ; 1                            ; 1                          ;
; Automatic Parallel Synthesis                                                    ; On                           ; On                         ;
; Partial Reconfiguration Bitstream ID                                            ; Off                          ; Off                        ;
+---------------------------------------------------------------------------------+------------------------------+----------------------------+


Parallel compilation was disabled, but you have multiple processors available. Enable parallel compilation to reduce compilation time.
+-------------------------------------+
; Parallel Compilation                ;
+----------------------------+--------+
; Processors                 ; Number ;
+----------------------------+--------+
; Number detected on machine ; 16     ;
; Maximum allowed            ; 1      ;
+----------------------------+--------+


+--------------------------------------------------------------------------------------------------------------------------------------------------------------------------------------------+
; Analysis & Synthesis Source Files Read                                                                                                                                                     ;
+----------------------------------+-----------------+-----------------+-----------------------------------------------------------------------------------------------------------+---------+
; File Name with User-Entered Path ; Used in Netlist ; File Type       ; File Name with Absolute Path                                                                              ; Library ;
+----------------------------------+-----------------+-----------------+-----------------------------------------------------------------------------------------------------------+---------+
; Akram_11_14_2021_Data_Memory.vhd ; yes             ; User VHDL File  ; C:/Users/Izzy/OneDrive/College/CSC342_3 Computer Organization/Labs/Lab 7/Akram_11_14_2021_Data_Memory.vhd ;         ;
+----------------------------------+-----------------+-----------------+-----------------------------------------------------------------------------------------------------------+---------+


+---------------------------------------------------------+
; Analysis & Synthesis Resource Usage Summary             ;
+---------------------------------------------+-----------+
; Resource                                    ; Usage     ;
+---------------------------------------------+-----------+
; Estimate of Logic utilization (ALMs needed) ; 23        ;
;                                             ;           ;
; Combinational ALUT usage for logic          ; 35        ;
;     -- 7 input functions                    ; 0         ;
;     -- 6 input functions                    ; 0         ;
;     -- 5 input functions                    ; 3         ;
;     -- 4 input functions                    ; 0         ;
;     -- <=3 input functions                  ; 32        ;
;                                             ;           ;
; Dedicated logic registers                   ; 32        ;
;                                             ;           ;
; I/O pins                                    ; 99        ;
;                                             ;           ;
; Total DSP Blocks                            ; 0         ;
;                                             ;           ;
; Maximum fan-out node                        ; MDR[31]~0 ;
; Maximum fan-out                             ; 32        ;
; Total fan-out                               ; 338       ;
; Average fan-out                             ; 1.28      ;
+---------------------------------------------+-----------+


+-------------------------------------------------------------------------------------------------------------------------------------------------------------------------------------------------------+
; Analysis & Synthesis Resource Utilization by Entity                                                                                                                                                   ;
+-------------------------------+-------------------+--------------+-------------------+------------+------+--------------+-------------------------------+------------------------------+--------------+
; Compilation Hierarchy Node    ; LC Combinationals ; LC Registers ; Block Memory Bits ; DSP Blocks ; Pins ; Virtual Pins ; Full Hierarchy Name           ; Entity Name                  ; Library Name ;
+-------------------------------+-------------------+--------------+-------------------+------------+------+--------------+-------------------------------+------------------------------+--------------+
; |Akram_11_14_2021_Data_Memory ; 35 (35)           ; 32 (32)      ; 0                 ; 0          ; 99   ; 0            ; |Akram_11_14_2021_Data_Memory ; Akram_11_14_2021_Data_Memory ; work         ;
+-------------------------------+-------------------+--------------+-------------------+------------+------+--------------+-------------------------------+------------------------------+--------------+
Note: For table entries with two numbers listed, the numbers in parentheses indicate the number of resources of the given type used by the specific entity alone. The numbers listed outside of parentheses indicate the total resources of the given type used by the specific entity and all of its sub-entities in the hierarchy.


+----------------------------------------------------------------------------------------------------+
; User-Specified and Inferred Latches                                                                ;
+-----------------------------------------------------+---------------------+------------------------+
; Latch Name                                          ; Latch Enable Signal ; Free of Timing Hazards ;
+-----------------------------------------------------+---------------------+------------------------+
; MDR[0]$latch                                        ; MDR[31]             ; yes                    ;
; MDR[1]$latch                                        ; MDR[31]             ; yes                    ;
; MDR[2]$latch                                        ; MDR[31]             ; yes                    ;
; MDR[3]$latch                                        ; MDR[31]             ; yes                    ;
; MDR[4]$latch                                        ; MDR[31]             ; yes                    ;
; MDR[5]$latch                                        ; MDR[31]             ; yes                    ;
; MDR[6]$latch                                        ; MDR[31]             ; yes                    ;
; MDR[7]$latch                                        ; MDR[31]             ; yes                    ;
; MDR[8]$latch                                        ; MDR[31]             ; yes                    ;
; MDR[9]$latch                                        ; MDR[31]             ; yes                    ;
; MDR[10]$latch                                       ; MDR[31]             ; yes                    ;
; MDR[11]$latch                                       ; MDR[31]             ; yes                    ;
; MDR[12]$latch                                       ; MDR[31]             ; yes                    ;
; MDR[13]$latch                                       ; MDR[31]             ; yes                    ;
; MDR[14]$latch                                       ; MDR[31]             ; yes                    ;
; MDR[15]$latch                                       ; MDR[31]             ; yes                    ;
; MDR[16]$latch                                       ; MDR[31]             ; yes                    ;
; MDR[17]$latch                                       ; MDR[31]             ; yes                    ;
; MDR[18]$latch                                       ; MDR[31]             ; yes                    ;
; MDR[19]$latch                                       ; MDR[31]             ; yes                    ;
; MDR[20]$latch                                       ; MDR[31]             ; yes                    ;
; MDR[21]$latch                                       ; MDR[31]             ; yes                    ;
; MDR[22]$latch                                       ; MDR[31]             ; yes                    ;
; MDR[23]$latch                                       ; MDR[31]             ; yes                    ;
; MDR[24]$latch                                       ; MDR[31]             ; yes                    ;
; MDR[25]$latch                                       ; MDR[31]             ; yes                    ;
; MDR[26]$latch                                       ; MDR[31]             ; yes                    ;
; MDR[27]$latch                                       ; MDR[31]             ; yes                    ;
; MDR[28]$latch                                       ; MDR[31]             ; yes                    ;
; MDR[29]$latch                                       ; MDR[31]             ; yes                    ;
; MDR[30]$latch                                       ; MDR[31]             ; yes                    ;
; MDR[31]$latch                                       ; MDR[31]             ; yes                    ;
; Number of user-specified and inferred latches = 32  ;                     ;                        ;
+-----------------------------------------------------+---------------------+------------------------+
Note: All latches listed above may not be present at the end of synthesis due to various synthesis optimizations.


+------------------------------------------------------+
; General Register Statistics                          ;
+----------------------------------------------+-------+
; Statistic                                    ; Value ;
+----------------------------------------------+-------+
; Total registers                              ; 32    ;
; Number of registers using Synchronous Clear  ; 0     ;
; Number of registers using Synchronous Load   ; 0     ;
; Number of registers using Asynchronous Clear ; 0     ;
; Number of registers using Asynchronous Load  ; 0     ;
; Number of registers using Clock Enable       ; 32    ;
; Number of registers using Preset             ; 0     ;
+----------------------------------------------+-------+


+--------------------------------------------------------------------------------------------------------------------------------------------------+
; Multiplexer Restructuring Statistics (Restructuring Performed)                                                                                   ;
+--------------------+-----------+---------------+----------------------+------------------------+------------+------------------------------------+
; Multiplexer Inputs ; Bus Width ; Baseline Area ; Area if Restructured ; Saving if Restructured ; Registered ; Example Multiplexer Output         ;
+--------------------+-----------+---------------+----------------------+------------------------+------------+------------------------------------+
; 1:1                ; 32 bits   ; 0 LEs         ; 0 LEs                ; 0 LEs                  ; No         ; |Akram_11_14_2021_Data_Memory|Mux3 ;
+--------------------+-----------+---------------+----------------------+------------------------+------------+------------------------------------+


+-----------------------------------------------------+
; Post-Synthesis Netlist Statistics for Top Partition ;
+-----------------------+-----------------------------+
; Type                  ; Count                       ;
+-----------------------+-----------------------------+
; arriav_ff             ; 32                          ;
;     ENA               ; 32                          ;
; arriav_lcell_comb     ; 35                          ;
;     normal            ; 35                          ;
;         3 data inputs ; 32                          ;
;         5 data inputs ; 3                           ;
; boundary_port         ; 99                          ;
;                       ;                             ;
; Max LUT depth         ; 3.00                        ;
; Average LUT depth     ; 1.35                        ;
+-----------------------+-----------------------------+


+-------------------------------+
; Elapsed Time Per Partition    ;
+----------------+--------------+
; Partition Name ; Elapsed Time ;
+----------------+--------------+
; Top            ; 00:00:00     ;
+----------------+--------------+


+-------------------------------+
; Analysis & Synthesis Messages ;
+-------------------------------+
Info: *******************************************************************
Info: Running Quartus Prime Analysis & Synthesis
    Info: Version 16.0.0 Build 211 04/27/2016 SJ Lite Edition
    Info: Processing started: Sun Nov 14 02:18:26 2021
Info: Command: quartus_map --read_settings_files=on --write_settings_files=off Akram_11_14_2021_Lab_7_ALU -c Akram_11_14_2021_Lab_7_ALU
Warning (20028): Parallel compilation is not licensed and has been disabled
Info (12021): Found 2 design units, including 1 entities, in source file akram_11_14_2021_rs.vhd
    Info (12022): Found design unit 1: Akram_11_14_2021_RS-arch File: C:/Users/Izzy/OneDrive/College/CSC342_3 Computer Organization/Labs/Lab 7/Akram_11_14_2021_RS.vhd Line: 12
    Info (12023): Found entity 1: Akram_11_14_2021_RS File: C:/Users/Izzy/OneDrive/College/CSC342_3 Computer Organization/Labs/Lab 7/Akram_11_14_2021_RS.vhd Line: 4
Info (12021): Found 2 design units, including 1 entities, in source file akram_11_14_2021_rt.vhd
    Info (12022): Found design unit 1: Akram_11_14_2021_RT-arch File: C:/Users/Izzy/OneDrive/College/CSC342_3 Computer Organization/Labs/Lab 7/Akram_11_14_2021_RT.vhd Line: 12
    Info (12023): Found entity 1: Akram_11_14_2021_RT File: C:/Users/Izzy/OneDrive/College/CSC342_3 Computer Organization/Labs/Lab 7/Akram_11_14_2021_RT.vhd Line: 4
Info (12021): Found 2 design units, including 1 entities, in source file akram_11_14_2021_rd.vhd
    Info (12022): Found design unit 1: Akram_11_14_2021_RD-arch File: C:/Users/Izzy/OneDrive/College/CSC342_3 Computer Organization/Labs/Lab 7/Akram_11_14_2021_RD.vhd Line: 12
    Info (12023): Found entity 1: Akram_11_14_2021_RD File: C:/Users/Izzy/OneDrive/College/CSC342_3 Computer Organization/Labs/Lab 7/Akram_11_14_2021_RD.vhd Line: 4
Info (12021): Found 2 design units, including 1 entities, in source file akram_11_14_2021_bitwise_op.vhd
    Info (12022): Found design unit 1: Akram_11_14_2021_Bitwise_OP-arch File: C:/Users/Izzy/OneDrive/College/CSC342_3 Computer Organization/Labs/Lab 7/Akram_11_14_2021_Bitwise_OP.vhd Line: 15
    Info (12023): Found entity 1: Akram_11_14_2021_Bitwise_OP File: C:/Users/Izzy/OneDrive/College/CSC342_3 Computer Organization/Labs/Lab 7/Akram_11_14_2021_Bitwise_OP.vhd Line: 6
Info (12021): Found 2 design units, including 1 entities, in source file akram_11_14_2021_sign_extend.vhd
    Info (12022): Found design unit 1: Akram_11_14_2021_Sign_Extend-arch File: C:/Users/Izzy/OneDrive/College/CSC342_3 Computer Organization/Labs/Lab 7/Akram_11_14_2021_Sign_Extend.vhd Line: 11
    Info (12023): Found entity 1: Akram_11_14_2021_Sign_Extend File: C:/Users/Izzy/OneDrive/College/CSC342_3 Computer Organization/Labs/Lab 7/Akram_11_14_2021_Sign_Extend.vhd Line: 6
Info (12021): Found 2 design units, including 1 entities, in source file akram_11_14_2021_imm16.vhd
    Info (12022): Found design unit 1: Akram_11_14_2021_IMM16-arch File: C:/Users/Izzy/OneDrive/College/CSC342_3 Computer Organization/Labs/Lab 7/Akram_11_14_2021_IMM16.vhd Line: 13
    Info (12023): Found entity 1: Akram_11_14_2021_IMM16 File: C:/Users/Izzy/OneDrive/College/CSC342_3 Computer Organization/Labs/Lab 7/Akram_11_14_2021_IMM16.vhd Line: 4
Info (12021): Found 2 design units, including 1 entities, in source file akram_9_19_2021_n_bit_add_sub_flags.vhd
    Info (12022): Found design unit 1: Akram_9_19_2021_N_Bit_Add_Sub_Flags-BEHAV_nBASF File: C:/Users/Izzy/OneDrive/College/CSC342_3 Computer Organization/Labs/Lab 7/Akram_9_19_2021_n_Bit_Add_sub_Flags.vhd Line: 15
    Info (12023): Found entity 1: Akram_9_19_2021_N_Bit_Add_Sub_Flags File: C:/Users/Izzy/OneDrive/College/CSC342_3 Computer Organization/Labs/Lab 7/Akram_9_19_2021_n_Bit_Add_sub_Flags.vhd Line: 6
Info (12021): Found 2 design units, including 1 entities, in source file akram_11_14_2021_instruction_register.vhd
    Info (12022): Found design unit 1: Akram_11_14_2021_Instruction_Register-behavior File: C:/Users/Izzy/OneDrive/College/CSC342_3 Computer Organization/Labs/Lab 7/Akram_11_14_2021_Instruction_Register.vhd Line: 17
    Info (12023): Found entity 1: Akram_11_14_2021_Instruction_Register File: C:/Users/Izzy/OneDrive/College/CSC342_3 Computer Organization/Labs/Lab 7/Akram_11_14_2021_Instruction_Register.vhd Line: 6
Info (12021): Found 2 design units, including 1 entities, in source file akram_11_14_2021_data_memory.vhd
    Info (12022): Found design unit 1: Akram_11_14_2021_Data_Memory-behavior File: C:/Users/Izzy/OneDrive/College/CSC342_3 Computer Organization/Labs/Lab 7/Akram_11_14_2021_Data_Memory.vhd Line: 15
    Info (12023): Found entity 1: Akram_11_14_2021_Data_Memory File: C:/Users/Izzy/OneDrive/College/CSC342_3 Computer Organization/Labs/Lab 7/Akram_11_14_2021_Data_Memory.vhd Line: 6
Info (12021): Found 2 design units, including 1 entities, in source file akram_11_14_2021_mar.vhd
    Info (12022): Found design unit 1: Akram_11_14_2021_MAR-arch File: C:/Users/Izzy/OneDrive/College/CSC342_3 Computer Organization/Labs/Lab 7/Akram_11_14_2021_MAR.vhd Line: 15
    Info (12023): Found entity 1: Akram_11_14_2021_MAR File: C:/Users/Izzy/OneDrive/College/CSC342_3 Computer Organization/Labs/Lab 7/Akram_11_14_2021_MAR.vhd Line: 6
Info (12021): Found 2 design units, including 1 entities, in source file akram_11_14_2021_mdr.vhd
    Info (12022): Found design unit 1: Akram_11_14_2021_MDR-arch File: C:/Users/Izzy/OneDrive/College/CSC342_3 Computer Organization/Labs/Lab 7/Akram_11_14_2021_MDR.vhd Line: 14
    Info (12023): Found entity 1: Akram_11_14_2021_MDR File: C:/Users/Izzy/OneDrive/College/CSC342_3 Computer Organization/Labs/Lab 7/Akram_11_14_2021_MDR.vhd Line: 6
Info (12021): Found 2 design units, including 1 entities, in source file akram_11_14_2021_3_port_ram.vhd
    Info (12022): Found design unit 1: Akram_11_14_2021_3_PORT_RAM-behavior File: C:/Users/Izzy/OneDrive/College/CSC342_3 Computer Organization/Labs/Lab 7/Akram_11_14_2021_3_PORT_RAM.vhd Line: 14
    Info (12023): Found entity 1: Akram_11_14_2021_3_PORT_RAM File: C:/Users/Izzy/OneDrive/College/CSC342_3 Computer Organization/Labs/Lab 7/Akram_11_14_2021_3_PORT_RAM.vhd Line: 5
Info (12021): Found 2 design units, including 1 entities, in source file akram_11_14_2021_alu.vhd
    Info (12022): Found design unit 1: Akram_11_14_2021_ALU-arch File: C:/Users/Izzy/OneDrive/College/CSC342_3 Computer Organization/Labs/Lab 7/Akram_11_14_2021_ALU.vhd Line: 20
    Info (12023): Found entity 1: Akram_11_14_2021_ALU File: C:/Users/Izzy/OneDrive/College/CSC342_3 Computer Organization/Labs/Lab 7/Akram_11_14_2021_ALU.vhd Line: 6
Info (12127): Elaborating entity "Akram_11_14_2021_Data_Memory" for the top level hierarchy
Warning (10492): VHDL Process Statement warning at Akram_11_14_2021_Data_Memory.vhd(41): signal "data_Memory" is read inside the Process Statement but isn't in the Process Statement's sensitivity list File: C:/Users/Izzy/OneDrive/College/CSC342_3 Computer Organization/Labs/Lab 7/Akram_11_14_2021_Data_Memory.vhd Line: 41
Warning (10631): VHDL Process Statement warning at Akram_11_14_2021_Data_Memory.vhd(36): inferring latch(es) for signal or variable "MDR", which holds its previous value in one or more paths through the process File: C:/Users/Izzy/OneDrive/College/CSC342_3 Computer Organization/Labs/Lab 7/Akram_11_14_2021_Data_Memory.vhd Line: 36
Info (10041): Inferred latch for "MDR[0]" at Akram_11_14_2021_Data_Memory.vhd(36) File: C:/Users/Izzy/OneDrive/College/CSC342_3 Computer Organization/Labs/Lab 7/Akram_11_14_2021_Data_Memory.vhd Line: 36
Info (10041): Inferred latch for "MDR[1]" at Akram_11_14_2021_Data_Memory.vhd(36) File: C:/Users/Izzy/OneDrive/College/CSC342_3 Computer Organization/Labs/Lab 7/Akram_11_14_2021_Data_Memory.vhd Line: 36
Info (10041): Inferred latch for "MDR[2]" at Akram_11_14_2021_Data_Memory.vhd(36) File: C:/Users/Izzy/OneDrive/College/CSC342_3 Computer Organization/Labs/Lab 7/Akram_11_14_2021_Data_Memory.vhd Line: 36
Info (10041): Inferred latch for "MDR[3]" at Akram_11_14_2021_Data_Memory.vhd(36) File: C:/Users/Izzy/OneDrive/College/CSC342_3 Computer Organization/Labs/Lab 7/Akram_11_14_2021_Data_Memory.vhd Line: 36
Info (10041): Inferred latch for "MDR[4]" at Akram_11_14_2021_Data_Memory.vhd(36) File: C:/Users/Izzy/OneDrive/College/CSC342_3 Computer Organization/Labs/Lab 7/Akram_11_14_2021_Data_Memory.vhd Line: 36
Info (10041): Inferred latch for "MDR[5]" at Akram_11_14_2021_Data_Memory.vhd(36) File: C:/Users/Izzy/OneDrive/College/CSC342_3 Computer Organization/Labs/Lab 7/Akram_11_14_2021_Data_Memory.vhd Line: 36
Info (10041): Inferred latch for "MDR[6]" at Akram_11_14_2021_Data_Memory.vhd(36) File: C:/Users/Izzy/OneDrive/College/CSC342_3 Computer Organization/Labs/Lab 7/Akram_11_14_2021_Data_Memory.vhd Line: 36
Info (10041): Inferred latch for "MDR[7]" at Akram_11_14_2021_Data_Memory.vhd(36) File: C:/Users/Izzy/OneDrive/College/CSC342_3 Computer Organization/Labs/Lab 7/Akram_11_14_2021_Data_Memory.vhd Line: 36
Info (10041): Inferred latch for "MDR[8]" at Akram_11_14_2021_Data_Memory.vhd(36) File: C:/Users/Izzy/OneDrive/College/CSC342_3 Computer Organization/Labs/Lab 7/Akram_11_14_2021_Data_Memory.vhd Line: 36
Info (10041): Inferred latch for "MDR[9]" at Akram_11_14_2021_Data_Memory.vhd(36) File: C:/Users/Izzy/OneDrive/College/CSC342_3 Computer Organization/Labs/Lab 7/Akram_11_14_2021_Data_Memory.vhd Line: 36
Info (10041): Inferred latch for "MDR[10]" at Akram_11_14_2021_Data_Memory.vhd(36) File: C:/Users/Izzy/OneDrive/College/CSC342_3 Computer Organization/Labs/Lab 7/Akram_11_14_2021_Data_Memory.vhd Line: 36
Info (10041): Inferred latch for "MDR[11]" at Akram_11_14_2021_Data_Memory.vhd(36) File: C:/Users/Izzy/OneDrive/College/CSC342_3 Computer Organization/Labs/Lab 7/Akram_11_14_2021_Data_Memory.vhd Line: 36
Info (10041): Inferred latch for "MDR[12]" at Akram_11_14_2021_Data_Memory.vhd(36) File: C:/Users/Izzy/OneDrive/College/CSC342_3 Computer Organization/Labs/Lab 7/Akram_11_14_2021_Data_Memory.vhd Line: 36
Info (10041): Inferred latch for "MDR[13]" at Akram_11_14_2021_Data_Memory.vhd(36) File: C:/Users/Izzy/OneDrive/College/CSC342_3 Computer Organization/Labs/Lab 7/Akram_11_14_2021_Data_Memory.vhd Line: 36
Info (10041): Inferred latch for "MDR[14]" at Akram_11_14_2021_Data_Memory.vhd(36) File: C:/Users/Izzy/OneDrive/College/CSC342_3 Computer Organization/Labs/Lab 7/Akram_11_14_2021_Data_Memory.vhd Line: 36
Info (10041): Inferred latch for "MDR[15]" at Akram_11_14_2021_Data_Memory.vhd(36) File: C:/Users/Izzy/OneDrive/College/CSC342_3 Computer Organization/Labs/Lab 7/Akram_11_14_2021_Data_Memory.vhd Line: 36
Info (10041): Inferred latch for "MDR[16]" at Akram_11_14_2021_Data_Memory.vhd(36) File: C:/Users/Izzy/OneDrive/College/CSC342_3 Computer Organization/Labs/Lab 7/Akram_11_14_2021_Data_Memory.vhd Line: 36
Info (10041): Inferred latch for "MDR[17]" at Akram_11_14_2021_Data_Memory.vhd(36) File: C:/Users/Izzy/OneDrive/College/CSC342_3 Computer Organization/Labs/Lab 7/Akram_11_14_2021_Data_Memory.vhd Line: 36
Info (10041): Inferred latch for "MDR[18]" at Akram_11_14_2021_Data_Memory.vhd(36) File: C:/Users/Izzy/OneDrive/College/CSC342_3 Computer Organization/Labs/Lab 7/Akram_11_14_2021_Data_Memory.vhd Line: 36
Info (10041): Inferred latch for "MDR[19]" at Akram_11_14_2021_Data_Memory.vhd(36) File: C:/Users/Izzy/OneDrive/College/CSC342_3 Computer Organization/Labs/Lab 7/Akram_11_14_2021_Data_Memory.vhd Line: 36
Info (10041): Inferred latch for "MDR[20]" at Akram_11_14_2021_Data_Memory.vhd(36) File: C:/Users/Izzy/OneDrive/College/CSC342_3 Computer Organization/Labs/Lab 7/Akram_11_14_2021_Data_Memory.vhd Line: 36
Info (10041): Inferred latch for "MDR[21]" at Akram_11_14_2021_Data_Memory.vhd(36) File: C:/Users/Izzy/OneDrive/College/CSC342_3 Computer Organization/Labs/Lab 7/Akram_11_14_2021_Data_Memory.vhd Line: 36
Info (10041): Inferred latch for "MDR[22]" at Akram_11_14_2021_Data_Memory.vhd(36) File: C:/Users/Izzy/OneDrive/College/CSC342_3 Computer Organization/Labs/Lab 7/Akram_11_14_2021_Data_Memory.vhd Line: 36
Info (10041): Inferred latch for "MDR[23]" at Akram_11_14_2021_Data_Memory.vhd(36) File: C:/Users/Izzy/OneDrive/College/CSC342_3 Computer Organization/Labs/Lab 7/Akram_11_14_2021_Data_Memory.vhd Line: 36
Info (10041): Inferred latch for "MDR[24]" at Akram_11_14_2021_Data_Memory.vhd(36) File: C:/Users/Izzy/OneDrive/College/CSC342_3 Computer Organization/Labs/Lab 7/Akram_11_14_2021_Data_Memory.vhd Line: 36
Info (10041): Inferred latch for "MDR[25]" at Akram_11_14_2021_Data_Memory.vhd(36) File: C:/Users/Izzy/OneDrive/College/CSC342_3 Computer Organization/Labs/Lab 7/Akram_11_14_2021_Data_Memory.vhd Line: 36
Info (10041): Inferred latch for "MDR[26]" at Akram_11_14_2021_Data_Memory.vhd(36) File: C:/Users/Izzy/OneDrive/College/CSC342_3 Computer Organization/Labs/Lab 7/Akram_11_14_2021_Data_Memory.vhd Line: 36
Info (10041): Inferred latch for "MDR[27]" at Akram_11_14_2021_Data_Memory.vhd(36) File: C:/Users/Izzy/OneDrive/College/CSC342_3 Computer Organization/Labs/Lab 7/Akram_11_14_2021_Data_Memory.vhd Line: 36
Info (10041): Inferred latch for "MDR[28]" at Akram_11_14_2021_Data_Memory.vhd(36) File: C:/Users/Izzy/OneDrive/College/CSC342_3 Computer Organization/Labs/Lab 7/Akram_11_14_2021_Data_Memory.vhd Line: 36
Info (10041): Inferred latch for "MDR[29]" at Akram_11_14_2021_Data_Memory.vhd(36) File: C:/Users/Izzy/OneDrive/College/CSC342_3 Computer Organization/Labs/Lab 7/Akram_11_14_2021_Data_Memory.vhd Line: 36
Info (10041): Inferred latch for "MDR[30]" at Akram_11_14_2021_Data_Memory.vhd(36) File: C:/Users/Izzy/OneDrive/College/CSC342_3 Computer Organization/Labs/Lab 7/Akram_11_14_2021_Data_Memory.vhd Line: 36
Info (10041): Inferred latch for "MDR[31]" at Akram_11_14_2021_Data_Memory.vhd(36) File: C:/Users/Izzy/OneDrive/College/CSC342_3 Computer Organization/Labs/Lab 7/Akram_11_14_2021_Data_Memory.vhd Line: 36
Info (286030): Timing-Driven Synthesis is running
Info (16010): Generating hard_block partition "hard_block:auto_generated_inst"
    Info (16011): Adding 0 node(s), including 0 DDIO, 0 PLL, 0 transceiver and 0 LCELL
Warning (21074): Design contains 24 input pin(s) that do not drive logic
    Warning (15610): No output dependent on input pin "MAR[8]" File: C:/Users/Izzy/OneDrive/College/CSC342_3 Computer Organization/Labs/Lab 7/Akram_11_14_2021_Data_Memory.vhd Line: 9
    Warning (15610): No output dependent on input pin "MAR[9]" File: C:/Users/Izzy/OneDrive/College/CSC342_3 Computer Organization/Labs/Lab 7/Akram_11_14_2021_Data_Memory.vhd Line: 9
    Warning (15610): No output dependent on input pin "MAR[10]" File: C:/Users/Izzy/OneDrive/College/CSC342_3 Computer Organization/Labs/Lab 7/Akram_11_14_2021_Data_Memory.vhd Line: 9
    Warning (15610): No output dependent on input pin "MAR[11]" File: C:/Users/Izzy/OneDrive/College/CSC342_3 Computer Organization/Labs/Lab 7/Akram_11_14_2021_Data_Memory.vhd Line: 9
    Warning (15610): No output dependent on input pin "MAR[12]" File: C:/Users/Izzy/OneDrive/College/CSC342_3 Computer Organization/Labs/Lab 7/Akram_11_14_2021_Data_Memory.vhd Line: 9
    Warning (15610): No output dependent on input pin "MAR[13]" File: C:/Users/Izzy/OneDrive/College/CSC342_3 Computer Organization/Labs/Lab 7/Akram_11_14_2021_Data_Memory.vhd Line: 9
    Warning (15610): No output dependent on input pin "MAR[14]" File: C:/Users/Izzy/OneDrive/College/CSC342_3 Computer Organization/Labs/Lab 7/Akram_11_14_2021_Data_Memory.vhd Line: 9
    Warning (15610): No output dependent on input pin "MAR[15]" File: C:/Users/Izzy/OneDrive/College/CSC342_3 Computer Organization/Labs/Lab 7/Akram_11_14_2021_Data_Memory.vhd Line: 9
    Warning (15610): No output dependent on input pin "MAR[16]" File: C:/Users/Izzy/OneDrive/College/CSC342_3 Computer Organization/Labs/Lab 7/Akram_11_14_2021_Data_Memory.vhd Line: 9
    Warning (15610): No output dependent on input pin "MAR[17]" File: C:/Users/Izzy/OneDrive/College/CSC342_3 Computer Organization/Labs/Lab 7/Akram_11_14_2021_Data_Memory.vhd Line: 9
    Warning (15610): No output dependent on input pin "MAR[18]" File: C:/Users/Izzy/OneDrive/College/CSC342_3 Computer Organization/Labs/Lab 7/Akram_11_14_2021_Data_Memory.vhd Line: 9
    Warning (15610): No output dependent on input pin "MAR[19]" File: C:/Users/Izzy/OneDrive/College/CSC342_3 Computer Organization/Labs/Lab 7/Akram_11_14_2021_Data_Memory.vhd Line: 9
    Warning (15610): No output dependent on input pin "MAR[20]" File: C:/Users/Izzy/OneDrive/College/CSC342_3 Computer Organization/Labs/Lab 7/Akram_11_14_2021_Data_Memory.vhd Line: 9
    Warning (15610): No output dependent on input pin "MAR[21]" File: C:/Users/Izzy/OneDrive/College/CSC342_3 Computer Organization/Labs/Lab 7/Akram_11_14_2021_Data_Memory.vhd Line: 9
    Warning (15610): No output dependent on input pin "MAR[22]" File: C:/Users/Izzy/OneDrive/College/CSC342_3 Computer Organization/Labs/Lab 7/Akram_11_14_2021_Data_Memory.vhd Line: 9
    Warning (15610): No output dependent on input pin "MAR[23]" File: C:/Users/Izzy/OneDrive/College/CSC342_3 Computer Organization/Labs/Lab 7/Akram_11_14_2021_Data_Memory.vhd Line: 9
    Warning (15610): No output dependent on input pin "MAR[24]" File: C:/Users/Izzy/OneDrive/College/CSC342_3 Computer Organization/Labs/Lab 7/Akram_11_14_2021_Data_Memory.vhd Line: 9
    Warning (15610): No output dependent on input pin "MAR[25]" File: C:/Users/Izzy/OneDrive/College/CSC342_3 Computer Organization/Labs/Lab 7/Akram_11_14_2021_Data_Memory.vhd Line: 9
    Warning (15610): No output dependent on input pin "MAR[26]" File: C:/Users/Izzy/OneDrive/College/CSC342_3 Computer Organization/Labs/Lab 7/Akram_11_14_2021_Data_Memory.vhd Line: 9
    Warning (15610): No output dependent on input pin "MAR[27]" File: C:/Users/Izzy/OneDrive/College/CSC342_3 Computer Organization/Labs/Lab 7/Akram_11_14_2021_Data_Memory.vhd Line: 9
    Warning (15610): No output dependent on input pin "MAR[28]" File: C:/Users/Izzy/OneDrive/College/CSC342_3 Computer Organization/Labs/Lab 7/Akram_11_14_2021_Data_Memory.vhd Line: 9
    Warning (15610): No output dependent on input pin "MAR[29]" File: C:/Users/Izzy/OneDrive/College/CSC342_3 Computer Organization/Labs/Lab 7/Akram_11_14_2021_Data_Memory.vhd Line: 9
    Warning (15610): No output dependent on input pin "MAR[30]" File: C:/Users/Izzy/OneDrive/College/CSC342_3 Computer Organization/Labs/Lab 7/Akram_11_14_2021_Data_Memory.vhd Line: 9
    Warning (15610): No output dependent on input pin "MAR[31]" File: C:/Users/Izzy/OneDrive/College/CSC342_3 Computer Organization/Labs/Lab 7/Akram_11_14_2021_Data_Memory.vhd Line: 9
Info (21057): Implemented 166 device resources after synthesis - the final resource count might be different
    Info (21058): Implemented 67 input pins
    Info (21059): Implemented 32 output pins
    Info (21061): Implemented 67 logic cells
Info: Quartus Prime Analysis & Synthesis was successful. 0 errors, 28 warnings
    Info: Peak virtual memory: 5069 megabytes
    Info: Processing ended: Sun Nov 14 02:18:36 2021
    Info: Elapsed time: 00:00:10
    Info: Total CPU time (on all processors): 00:00:21


