Flow report for Akram_10_15_2021_Lab_6_Register_File
Sun Oct 17 14:17:17 2021
Quartus Prime Version 16.0.0 Build 211 04/27/2016 SJ Lite Edition


---------------------
; Table of Contents ;
---------------------
  1. Legal Notice
  2. Flow Summary
  3. Flow Settings
  4. Flow Non-Default Global Settings
  5. Flow Elapsed Time
  6. Flow OS Summary
  7. Flow Log
  8. Flow Messages
  9. Flow Suppressed Messages



----------------
; Legal Notice ;
----------------
Copyright (C) 1991-2016 Altera Corporation. All rights reserved.
Your use of Altera Corporation's design tools, logic functions 
and other software and tools, and its AMPP partner logic 
functions, and any output files from any of the foregoing 
(including device programming or simulation files), and any 
associated documentation or information are expressly subject 
to the terms and conditions of the Altera Program License 
Subscription Agreement, the Altera Quartus Prime License Agreement,
the Altera MegaCore Function License Agreement, or other 
applicable license agreement, including, without limitation, 
that your use is for the sole purpose of programming logic 
devices manufactured by Altera and sold by Altera or its 
authorized distributors.  Please refer to the applicable 
agreement for further details.



+-------------------------------------------------------------------------------+
; Flow Summary                                                                  ;
+---------------------------------+---------------------------------------------+
; Flow Status                     ; Successful - Sun Oct 17 14:17:11 2021       ;
; Quartus Prime Version           ; 16.0.0 Build 211 04/27/2016 SJ Lite Edition ;
; Revision Name                   ; Akram_10_15_2021_Lab_6_Register_File        ;
; Top-level Entity Name           ; Akram_9_19_2021_N_Bit_Add_sub_Flags         ;
; Family                          ; Cyclone V                                   ;
; Device                          ; 5CSEMA5F31C6                                ;
; Timing Models                   ; Final                                       ;
; Logic utilization (in ALMs)     ; 61 / 32,070 ( < 1 % )                       ;
; Total registers                 ; 0                                           ;
; Total pins                      ; 101 / 457 ( 22 % )                          ;
; Total virtual pins              ; 0                                           ;
; Total block memory bits         ; 0 / 4,065,280 ( 0 % )                       ;
; Total DSP Blocks                ; 0 / 87 ( 0 % )                              ;
; Total HSSI RX PCSs              ; 0                                           ;
; Total HSSI PMA RX Deserializers ; 0                                           ;
; Total HSSI TX PCSs              ; 0                                           ;
; Total HSSI PMA TX Serializers   ; 0                                           ;
; Total PLLs                      ; 0 / 6 ( 0 % )                               ;
; Total DLLs                      ; 0 / 4 ( 0 % )                               ;
+---------------------------------+---------------------------------------------+


+----------------------------------------------------------+
; Flow Settings                                            ;
+-------------------+--------------------------------------+
; Option            ; Setting                              ;
+-------------------+--------------------------------------+
; Start date & time ; 10/17/2021 14:16:18                  ;
; Main task         ; Compilation                          ;
; Revision Name     ; Akram_10_15_2021_Lab_6_Register_File ;
+-------------------+--------------------------------------+


+-----------------------------------------------------------------------------------------------------------------------------------------------------------------------+
; Flow Non-Default Global Settings                                                                                                                                      ;
+-------------------------------------+---------------------------------------+--------------------------------------+-------------------------------------+------------+
; Assignment Name                     ; Value                                 ; Default Value                        ; Entity Name                         ; Section Id ;
+-------------------------------------+---------------------------------------+--------------------------------------+-------------------------------------+------------+
; COMPILER_SIGNATURE_ID               ; 53447175357454.163449457801108        ; --                                   ; --                                  ; --         ;
; MAX_CORE_JUNCTION_TEMP              ; 85                                    ; --                                   ; --                                  ; --         ;
; MIN_CORE_JUNCTION_TEMP              ; 0                                     ; --                                   ; --                                  ; --         ;
; PARTITION_COLOR                     ; 16764057                              ; --                                   ; Akram_9_19_2021_N_Bit_Add_Sub_Flags ; Top        ;
; PARTITION_FITTER_PRESERVATION_LEVEL ; PLACEMENT_AND_ROUTING                 ; --                                   ; Akram_9_19_2021_N_Bit_Add_Sub_Flags ; Top        ;
; PARTITION_NETLIST_TYPE              ; SOURCE                                ; --                                   ; Akram_9_19_2021_N_Bit_Add_Sub_Flags ; Top        ;
; POWER_BOARD_THERMAL_MODEL           ; None (CONSERVATIVE)                   ; --                                   ; --                                  ; --         ;
; POWER_PRESET_COOLING_SOLUTION       ; 23 MM HEAT SINK WITH 200 LFPM AIRFLOW ; --                                   ; --                                  ; --         ;
; PROJECT_OUTPUT_DIRECTORY            ; output_files                          ; --                                   ; --                                  ; --         ;
; TOP_LEVEL_ENTITY                    ; Akram_9_19_2021_N_Bit_Add_Sub_Flags   ; Akram_10_15_2021_Lab_6_Register_File ; --                                  ; --         ;
+-------------------------------------+---------------------------------------+--------------------------------------+-------------------------------------+------------+


+-------------------------------------------------------------------------------------------------------------------------------+
; Flow Elapsed Time                                                                                                             ;
+---------------------------+--------------+-------------------------+---------------------+------------------------------------+
; Module Name               ; Elapsed Time ; Average Processors Used ; Peak Virtual Memory ; Total CPU Time (on all processors) ;
+---------------------------+--------------+-------------------------+---------------------+------------------------------------+
; Analysis & Synthesis      ; 00:00:10     ; 1.0                     ; 5056 MB             ; 00:00:22                           ;
; Fitter                    ; 00:00:37     ; 1.0                     ; 6242 MB             ; 00:00:47                           ;
; Assembler                 ; 00:00:06     ; 1.0                     ; 5021 MB             ; 00:00:06                           ;
; TimeQuest Timing Analyzer ; 00:00:05     ; 1.0                     ; 5291 MB             ; 00:00:05                           ;
; Total                     ; 00:00:58     ; --                      ; --                  ; 00:01:20                           ;
+---------------------------+--------------+-------------------------+---------------------+------------------------------------+


+----------------------------------------------------------------------------------------+
; Flow OS Summary                                                                        ;
+---------------------------+------------------+-----------+------------+----------------+
; Module Name               ; Machine Hostname ; OS Name   ; OS Version ; Processor type ;
+---------------------------+------------------+-----------+------------+----------------+
; Analysis & Synthesis      ; IZZY-Desktop     ; Windows 8 ; 6.2        ; x86_64         ;
; Fitter                    ; IZZY-Desktop     ; Windows 8 ; 6.2        ; x86_64         ;
; Assembler                 ; IZZY-Desktop     ; Windows 8 ; 6.2        ; x86_64         ;
; TimeQuest Timing Analyzer ; IZZY-Desktop     ; Windows 8 ; 6.2        ; x86_64         ;
+---------------------------+------------------+-----------+------------+----------------+


------------
; Flow Log ;
------------
quartus_map --read_settings_files=on --write_settings_files=off Akram_10_15_2021_Lab_6_Register_File -c Akram_10_15_2021_Lab_6_Register_File
quartus_fit --read_settings_files=off --write_settings_files=off Akram_10_15_2021_Lab_6_Register_File -c Akram_10_15_2021_Lab_6_Register_File
quartus_asm --read_settings_files=off --write_settings_files=off Akram_10_15_2021_Lab_6_Register_File -c Akram_10_15_2021_Lab_6_Register_File
quartus_sta Akram_10_15_2021_Lab_6_Register_File -c Akram_10_15_2021_Lab_6_Register_File



