Assembler report for Akram_10_13_2021_Lab_5_Integration
Fri Oct 15 23:24:20 2021
Quartus Prime Version 16.0.0 Build 211 04/27/2016 SJ Lite Edition


---------------------
; Table of Contents ;
---------------------
  1. Legal Notice
  2. Assembler Summary
  3. Assembler Settings
  4. Assembler Generated Files
  5. Assembler Device Options: C:/Users/Izzy/OneDrive/College/CSC342_3 Computer Organization/Labs/Lab 5/output_files/Akram_10_13_2021_Lab_5_Integration.sof
  6. Assembler Messages



----------------
; Legal Notice ;
----------------
Copyright (C) 1991-2016 Altera Corporation. All rights reserved.
Your use of Altera Corporation's design tools, logic functions 
and other software and tools, and its AMPP partner logic 
functions, and any output files from any of the foregoing 
(including device programming or simulation files), and any 
associated documentation or information are expressly subject 
to the terms and conditions of the Altera Program License 
Subscription Agreement, the Altera Quartus Prime License Agreement,
the Altera MegaCore Function License Agreement, or other 
applicable license agreement, including, without limitation, 
that your use is for the sole purpose of programming logic 
devices manufactured by Altera and sold by Altera or its 
authorized distributors.  Please refer to the applicable 
agreement for further details.



+---------------------------------------------------------------+
; Assembler Summary                                             ;
+-----------------------+---------------------------------------+
; Assembler Status      ; Successful - Fri Oct 15 23:24:20 2021 ;
; Revision Name         ; Akram_10_13_2021_Lab_5_Integration    ;
; Top-level Entity Name ; Akram_10_13_2021_Lab_5_Integration    ;
; Family                ; Cyclone V                             ;
; Device                ; 5CSEMA5F31C6                          ;
+-----------------------+---------------------------------------+


+----------------------------------+
; Assembler Settings               ;
+--------+---------+---------------+
; Option ; Setting ; Default Value ;
+--------+---------+---------------+


+------------------------------------------------------------------------------------------------------------------------------+
; Assembler Generated Files                                                                                                    ;
+------------------------------------------------------------------------------------------------------------------------------+
; File Name                                                                                                                    ;
+------------------------------------------------------------------------------------------------------------------------------+
; C:/Users/Izzy/OneDrive/College/CSC342_3 Computer Organization/Labs/Lab 5/output_files/Akram_10_13_2021_Lab_5_Integration.sof ;
+------------------------------------------------------------------------------------------------------------------------------+


+--------------------------------------------------------------------------------------------------------------------------------------------------------+
; Assembler Device Options: C:/Users/Izzy/OneDrive/College/CSC342_3 Computer Organization/Labs/Lab 5/output_files/Akram_10_13_2021_Lab_5_Integration.sof ;
+----------------+---------------------------------------------------------------------------------------------------------------------------------------+
; Option         ; Setting                                                                                                                               ;
+----------------+---------------------------------------------------------------------------------------------------------------------------------------+
; Device         ; 5CSEMA5F31C6                                                                                                                          ;
; JTAG usercode  ; 0x00BC08DB                                                                                                                            ;
; Checksum       ; 0x00BC08DB                                                                                                                            ;
+----------------+---------------------------------------------------------------------------------------------------------------------------------------+


+--------------------+
; Assembler Messages ;
+--------------------+
Info: *******************************************************************
Info: Running Quartus Prime Assembler
    Info: Version 16.0.0 Build 211 04/27/2016 SJ Lite Edition
    Info: Processing started: Fri Oct 15 23:24:14 2021
Info: Command: quartus_asm --read_settings_files=off --write_settings_files=off Akram_10_13_2021_Lab_5_Integration -c Akram_10_13_2021_Lab_5_Integration
Info (115030): Assembler is generating device programming files
Info: Quartus Prime Assembler was successful. 0 errors, 0 warnings
    Info: Peak virtual memory: 5030 megabytes
    Info: Processing ended: Fri Oct 15 23:24:20 2021
    Info: Elapsed time: 00:00:06
    Info: Total CPU time (on all processors): 00:00:06


